{"/home/node/app/src/app.module.ts": {"path":"/home/node/app/src/app.module.ts","all":true,"statementMap":{"0":{"start":{"line":1,"column":0},"end":{"line":1,"column":40}},"1":{"start":{"line":2,"column":0},"end":{"line":2,"column":77}},"2":{"start":{"line":3,"column":0},"end":{"line":3,"column":80}},"3":{"start":{"line":4,"column":0},"end":{"line":4,"column":74}},"4":{"start":{"line":5,"column":0},"end":{"line":5,"column":74}},"5":{"start":{"line":6,"column":0},"end":{"line":6,"column":0}},"6":{"start":{"line":7,"column":0},"end":{"line":7,"column":9}},"7":{"start":{"line":8,"column":0},"end":{"line":8,"column":81}},"8":{"start":{"line":9,"column":0},"end":{"line":9,"column":2}},"9":{"start":{"line":10,"column":0},"end":{"line":10,"column":25}}},"s":{"0":0,"1":0,"2":0,"3":0,"4":0,"5":0,"6":0,"7":0,"8":0,"9":0},"branchMap":{"0":{"type":"branch","line":1,"loc":{"start":{"line":1,"column":0},"end":{"line":10,"column":25}},"locations":[{"start":{"line":1,"column":0},"end":{"line":10,"column":25}}]}},"b":{"0":[0]},"fnMap":{"0":{"name":"(empty-report)","decl":{"start":{"line":1,"column":0},"end":{"line":10,"column":25}},"loc":{"start":{"line":1,"column":0},"end":{"line":10,"column":25}},"line":1}},"f":{"0":0}}
,"/home/node/app/src/main.ts": {"path":"/home/node/app/src/main.ts","all":true,"statementMap":{"0":{"start":{"line":1,"column":0},"end":{"line":1,"column":43}},"1":{"start":{"line":2,"column":0},"end":{"line":2,"column":41}},"2":{"start":{"line":3,"column":0},"end":{"line":3,"column":65}},"3":{"start":{"line":4,"column":0},"end":{"line":4,"column":0}},"4":{"start":{"line":5,"column":0},"end":{"line":5,"column":28}},"5":{"start":{"line":6,"column":0},"end":{"line":6,"column":50}},"6":{"start":{"line":7,"column":0},"end":{"line":7,"column":0}},"7":{"start":{"line":8,"column":0},"end":{"line":8,"column":25}},"8":{"start":{"line":9,"column":0},"end":{"line":9,"column":0}},"9":{"start":{"line":10,"column":0},"end":{"line":10,"column":25}},"10":{"start":{"line":11,"column":0},"end":{"line":11,"column":1}},"11":{"start":{"line":12,"column":0},"end":{"line":12,"column":12}}},"s":{"0":0,"1":0,"2":0,"3":0,"4":0,"5":0,"6":0,"7":0,"8":0,"9":0,"10":0,"11":0},"branchMap":{"0":{"type":"branch","line":1,"loc":{"start":{"line":1,"column":0},"end":{"line":12,"column":12}},"locations":[{"start":{"line":1,"column":0},"end":{"line":12,"column":12}}]}},"b":{"0":[0]},"fnMap":{"0":{"name":"(empty-report)","decl":{"start":{"line":1,"column":0},"end":{"line":12,"column":12}},"loc":{"start":{"line":1,"column":0},"end":{"line":12,"column":12}},"line":1}},"f":{"0":0}}
,"/home/node/app/src/core/shared/application/pagination-output.ts": {"path":"/home/node/app/src/core/shared/application/pagination-output.ts","all":false,"statementMap":{"0":{"start":{"line":1,"column":0},"end":{"line":1,"column":68}},"1":{"start":{"line":2,"column":0},"end":{"line":2,"column":44}},"2":{"start":{"line":3,"column":0},"end":{"line":3,"column":16}},"3":{"start":{"line":4,"column":0},"end":{"line":4,"column":16}},"4":{"start":{"line":5,"column":0},"end":{"line":5,"column":23}},"5":{"start":{"line":6,"column":0},"end":{"line":6,"column":20}},"6":{"start":{"line":7,"column":0},"end":{"line":7,"column":19}},"7":{"start":{"line":8,"column":0},"end":{"line":8,"column":1}},"8":{"start":{"line":9,"column":0},"end":{"line":9,"column":0}},"9":{"start":{"line":10,"column":0},"end":{"line":10,"column":37}},"10":{"start":{"line":11,"column":0},"end":{"line":11,"column":106}},"11":{"start":{"line":12,"column":0},"end":{"line":12,"column":12}},"12":{"start":{"line":13,"column":0},"end":{"line":13,"column":12}},"13":{"start":{"line":14,"column":0},"end":{"line":14,"column":25}},"14":{"start":{"line":15,"column":0},"end":{"line":15,"column":39}},"15":{"start":{"line":16,"column":0},"end":{"line":16,"column":33}},"16":{"start":{"line":17,"column":0},"end":{"line":17,"column":31}},"17":{"start":{"line":18,"column":0},"end":{"line":18,"column":5}},"18":{"start":{"line":19,"column":0},"end":{"line":19,"column":3}},"19":{"start":{"line":20,"column":0},"end":{"line":20,"column":1}}},"s":{"0":1,"1":1,"2":1,"3":1,"4":1,"5":1,"6":1,"7":1,"8":1,"9":1,"10":1,"11":15,"12":15,"13":15,"14":15,"15":15,"16":15,"17":15,"18":15,"19":1},"branchMap":{"0":{"type":"branch","line":11,"loc":{"start":{"line":11,"column":9},"end":{"line":19,"column":3}},"locations":[{"start":{"line":11,"column":9},"end":{"line":19,"column":3}}]}},"b":{"0":[15]},"fnMap":{"0":{"name":"toOutput","decl":{"start":{"line":11,"column":9},"end":{"line":19,"column":3}},"loc":{"start":{"line":11,"column":9},"end":{"line":19,"column":3}},"line":11}},"f":{"0":15}}
,"/home/node/app/src/core/shared/domain/entity.ts": {"path":"/home/node/app/src/core/shared/domain/entity.ts","all":false,"statementMap":{"0":{"start":{"line":1,"column":0},"end":{"line":1,"column":45}},"1":{"start":{"line":2,"column":0},"end":{"line":2,"column":57}},"2":{"start":{"line":3,"column":0},"end":{"line":3,"column":30}},"3":{"start":{"line":4,"column":0},"end":{"line":4,"column":50}},"4":{"start":{"line":5,"column":0},"end":{"line":5,"column":0}},"5":{"start":{"line":6,"column":0},"end":{"line":6,"column":40}},"6":{"start":{"line":7,"column":0},"end":{"line":7,"column":25}},"7":{"start":{"line":8,"column":0},"end":{"line":8,"column":1}}},"s":{"0":1,"1":1,"2":1,"3":184,"4":184,"5":184,"6":184,"7":184},"branchMap":{"0":{"type":"branch","line":3,"loc":{"start":{"line":3,"column":7},"end":{"line":8,"column":1}},"locations":[{"start":{"line":3,"column":7},"end":{"line":8,"column":1}}]}},"b":{"0":[184]},"fnMap":{"0":{"name":"<instance_members_initializer>","decl":{"start":{"line":3,"column":7},"end":{"line":8,"column":1}},"loc":{"start":{"line":3,"column":7},"end":{"line":8,"column":1}},"line":3}},"f":{"0":184}}
,"/home/node/app/src/core/shared/domain/value-object.ts": {"path":"/home/node/app/src/core/shared/domain/value-object.ts","all":false,"statementMap":{"0":{"start":{"line":1,"column":0},"end":{"line":1,"column":33}},"1":{"start":{"line":2,"column":0},"end":{"line":2,"column":0}},"2":{"start":{"line":3,"column":0},"end":{"line":3,"column":35}},"3":{"start":{"line":4,"column":0},"end":{"line":4,"column":36}},"4":{"start":{"line":5,"column":0},"end":{"line":5,"column":42}},"5":{"start":{"line":6,"column":0},"end":{"line":6,"column":19}},"6":{"start":{"line":7,"column":0},"end":{"line":7,"column":5}},"7":{"start":{"line":8,"column":0},"end":{"line":8,"column":56}},"8":{"start":{"line":9,"column":0},"end":{"line":9,"column":19}},"9":{"start":{"line":10,"column":0},"end":{"line":10,"column":5}},"10":{"start":{"line":11,"column":0},"end":{"line":11,"column":29}},"11":{"start":{"line":12,"column":0},"end":{"line":12,"column":3}},"12":{"start":{"line":13,"column":0},"end":{"line":13,"column":1}}},"s":{"0":1,"1":1,"2":1,"3":1,"4":24,"5":4,"6":4,"7":24,"8":0,"9":0,"10":20,"11":20,"12":1},"branchMap":{"0":{"type":"branch","line":4,"loc":{"start":{"line":4,"column":9},"end":{"line":12,"column":3}},"locations":[{"start":{"line":4,"column":9},"end":{"line":12,"column":3}}]},"1":{"type":"branch","line":5,"loc":{"start":{"line":5,"column":15},"end":{"line":5,"column":41}},"locations":[{"start":{"line":5,"column":15},"end":{"line":5,"column":41}}]},"2":{"type":"branch","line":5,"loc":{"start":{"line":5,"column":41},"end":{"line":8,"column":55}},"locations":[{"start":{"line":5,"column":41},"end":{"line":8,"column":55}}]},"3":{"type":"branch","line":5,"loc":{"start":{"line":5,"column":41},"end":{"line":7,"column":5}},"locations":[{"start":{"line":5,"column":41},"end":{"line":7,"column":5}}]},"4":{"type":"branch","line":8,"loc":{"start":{"line":8,"column":55},"end":{"line":10,"column":5}},"locations":[{"start":{"line":8,"column":55},"end":{"line":10,"column":5}}]},"5":{"type":"branch","line":10,"loc":{"start":{"line":10,"column":4},"end":{"line":12,"column":3}},"locations":[{"start":{"line":10,"column":4},"end":{"line":12,"column":3}}]}},"b":{"0":[24],"1":[22],"2":[20],"3":[4],"4":[0],"5":[20]},"fnMap":{"0":{"name":"equals","decl":{"start":{"line":4,"column":9},"end":{"line":12,"column":3}},"loc":{"start":{"line":4,"column":9},"end":{"line":12,"column":3}},"line":4}},"f":{"0":24}}
,"/home/node/app/src/core/shared/domain/errors/not-found.error.ts": {"path":"/home/node/app/src/core/shared/domain/errors/not-found.error.ts","all":false,"statementMap":{"0":{"start":{"line":1,"column":0},"end":{"line":1,"column":35}},"1":{"start":{"line":2,"column":0},"end":{"line":2,"column":0}},"2":{"start":{"line":3,"column":0},"end":{"line":3,"column":42}},"3":{"start":{"line":4,"column":0},"end":{"line":4,"column":14}},"4":{"start":{"line":5,"column":0},"end":{"line":5,"column":21}},"5":{"start":{"line":6,"column":0},"end":{"line":6,"column":48}},"6":{"start":{"line":7,"column":0},"end":{"line":7,"column":5}},"7":{"start":{"line":8,"column":0},"end":{"line":8,"column":62}},"8":{"start":{"line":9,"column":0},"end":{"line":9,"column":66}},"9":{"start":{"line":10,"column":0},"end":{"line":10,"column":32}},"10":{"start":{"line":11,"column":0},"end":{"line":11,"column":3}},"11":{"start":{"line":12,"column":0},"end":{"line":12,"column":0}},"12":{"start":{"line":13,"column":0},"end":{"line":13,"column":1}}},"s":{"0":1,"1":1,"2":1,"3":1,"4":17,"5":17,"6":17,"7":17,"8":17,"9":17,"10":17,"11":1,"12":1},"branchMap":{"0":{"type":"branch","line":4,"loc":{"start":{"line":4,"column":2},"end":{"line":11,"column":3}},"locations":[{"start":{"line":4,"column":2},"end":{"line":11,"column":3}}]},"1":{"type":"branch","line":8,"loc":{"start":{"line":8,"column":37},"end":{"line":8,"column":59}},"locations":[{"start":{"line":8,"column":37},"end":{"line":8,"column":59}}]}},"b":{"0":[17],"1":[0]},"fnMap":{"0":{"name":"NotFoundError","decl":{"start":{"line":4,"column":2},"end":{"line":11,"column":3}},"loc":{"start":{"line":4,"column":2},"end":{"line":11,"column":3}},"line":4}},"f":{"0":17}}
,"/home/node/app/src/core/shared/domain/repository/search-params.ts": {"path":"/home/node/app/src/core/shared/domain/repository/search-params.ts","all":false,"statementMap":{"0":{"start":{"line":1,"column":0},"end":{"line":1,"column":46}},"1":{"start":{"line":2,"column":0},"end":{"line":2,"column":0}},"2":{"start":{"line":3,"column":0},"end":{"line":3,"column":43}},"3":{"start":{"line":4,"column":0},"end":{"line":4,"column":0}},"4":{"start":{"line":5,"column":0},"end":{"line":5,"column":61}},"5":{"start":{"line":6,"column":0},"end":{"line":6,"column":16}},"6":{"start":{"line":7,"column":0},"end":{"line":7,"column":20}},"7":{"start":{"line":8,"column":0},"end":{"line":8,"column":23}},"8":{"start":{"line":9,"column":0},"end":{"line":9,"column":34}},"9":{"start":{"line":10,"column":0},"end":{"line":10,"column":25}},"10":{"start":{"line":11,"column":0},"end":{"line":11,"column":2}},"11":{"start":{"line":12,"column":0},"end":{"line":12,"column":0}},"12":{"start":{"line":13,"column":0},"end":{"line":13,"column":63}},"13":{"start":{"line":14,"column":0},"end":{"line":14,"column":26}},"14":{"start":{"line":15,"column":0},"end":{"line":15,"column":35}},"15":{"start":{"line":16,"column":0},"end":{"line":16,"column":33}},"16":{"start":{"line":17,"column":0},"end":{"line":17,"column":44}},"17":{"start":{"line":18,"column":0},"end":{"line":18,"column":35}},"18":{"start":{"line":19,"column":0},"end":{"line":19,"column":0}},"19":{"start":{"line":20,"column":0},"end":{"line":20,"column":65}},"20":{"start":{"line":21,"column":0},"end":{"line":21,"column":12}},"21":{"start":{"line":22,"column":0},"end":{"line":22,"column":27}},"22":{"start":{"line":23,"column":0},"end":{"line":23,"column":35}},"23":{"start":{"line":24,"column":0},"end":{"line":24,"column":27}},"24":{"start":{"line":25,"column":0},"end":{"line":25,"column":35}},"25":{"start":{"line":26,"column":0},"end":{"line":26,"column":31}},"26":{"start":{"line":27,"column":0},"end":{"line":27,"column":3}},"27":{"start":{"line":28,"column":0},"end":{"line":28,"column":0}},"28":{"start":{"line":29,"column":0},"end":{"line":29,"column":14}},"29":{"start":{"line":30,"column":0},"end":{"line":30,"column":22}},"30":{"start":{"line":31,"column":0},"end":{"line":31,"column":3}},"31":{"start":{"line":32,"column":0},"end":{"line":32,"column":35}},"32":{"start":{"line":33,"column":0},"end":{"line":33,"column":23}},"33":{"start":{"line":34,"column":0},"end":{"line":34,"column":80}},"34":{"start":{"line":35,"column":0},"end":{"line":35,"column":16}},"35":{"start":{"line":36,"column":0},"end":{"line":36,"column":5}},"36":{"start":{"line":37,"column":0},"end":{"line":37,"column":23}},"37":{"start":{"line":38,"column":0},"end":{"line":38,"column":2}},"38":{"start":{"line":39,"column":0},"end":{"line":39,"column":3}},"39":{"start":{"line":40,"column":0},"end":{"line":40,"column":0}},"40":{"start":{"line":41,"column":0},"end":{"line":41,"column":18}},"41":{"start":{"line":42,"column":0},"end":{"line":42,"column":26}},"42":{"start":{"line":43,"column":0},"end":{"line":43,"column":3}},"43":{"start":{"line":44,"column":0},"end":{"line":44,"column":0}},"44":{"start":{"line":45,"column":0},"end":{"line":45,"column":39}},"45":{"start":{"line":46,"column":0},"end":{"line":46,"column":70}},"46":{"start":{"line":47,"column":0},"end":{"line":47,"column":0}},"47":{"start":{"line":48,"column":0},"end":{"line":48,"column":96}},"48":{"start":{"line":49,"column":0},"end":{"line":49,"column":33}},"49":{"start":{"line":50,"column":0},"end":{"line":50,"column":5}},"50":{"start":{"line":51,"column":0},"end":{"line":51,"column":31}},"51":{"start":{"line":52,"column":0},"end":{"line":52,"column":3}},"52":{"start":{"line":53,"column":0},"end":{"line":53,"column":0}},"53":{"start":{"line":54,"column":0},"end":{"line":54,"column":29}},"54":{"start":{"line":55,"column":0},"end":{"line":55,"column":22}},"55":{"start":{"line":56,"column":0},"end":{"line":56,"column":3}},"56":{"start":{"line":57,"column":0},"end":{"line":57,"column":0}},"57":{"start":{"line":58,"column":0},"end":{"line":58,"column":42}},"58":{"start":{"line":59,"column":0},"end":{"line":59,"column":91}},"59":{"start":{"line":60,"column":0},"end":{"line":60,"column":3}},"60":{"start":{"line":61,"column":0},"end":{"line":61,"column":0}},"61":{"start":{"line":62,"column":0},"end":{"line":62,"column":40}},"62":{"start":{"line":63,"column":0},"end":{"line":63,"column":26}},"63":{"start":{"line":64,"column":0},"end":{"line":64,"column":3}},"64":{"start":{"line":65,"column":0},"end":{"line":65,"column":0}},"65":{"start":{"line":66,"column":0},"end":{"line":66,"column":53}},"66":{"start":{"line":67,"column":0},"end":{"line":67,"column":21}},"67":{"start":{"line":68,"column":0},"end":{"line":68,"column":28}},"68":{"start":{"line":69,"column":0},"end":{"line":69,"column":13}},"69":{"start":{"line":70,"column":0},"end":{"line":70,"column":5}},"70":{"start":{"line":71,"column":0},"end":{"line":71,"column":41}},"71":{"start":{"line":72,"column":0},"end":{"line":72,"column":0}},"72":{"start":{"line":73,"column":0},"end":{"line":73,"column":68}},"73":{"start":{"line":74,"column":0},"end":{"line":74,"column":3}},"74":{"start":{"line":75,"column":0},"end":{"line":75,"column":0}},"75":{"start":{"line":76,"column":0},"end":{"line":76,"column":31}},"76":{"start":{"line":77,"column":0},"end":{"line":77,"column":24}},"77":{"start":{"line":78,"column":0},"end":{"line":78,"column":3}},"78":{"start":{"line":79,"column":0},"end":{"line":79,"column":0}},"79":{"start":{"line":80,"column":0},"end":{"line":80,"column":44}},"80":{"start":{"line":81,"column":0},"end":{"line":81,"column":19}},"81":{"start":{"line":82,"column":0},"end":{"line":82,"column":73}},"82":{"start":{"line":83,"column":0},"end":{"line":83,"column":15}},"83":{"start":{"line":84,"column":0},"end":{"line":84,"column":30}},"84":{"start":{"line":85,"column":0},"end":{"line":85,"column":3}},"85":{"start":{"line":86,"column":0},"end":{"line":86,"column":1}}},"s":{"0":1,"1":1,"2":1,"3":1,"4":1,"5":1,"6":1,"7":1,"8":1,"9":1,"10":1,"11":1,"12":1,"13":91,"14":91,"15":91,"16":91,"17":91,"18":91,"19":91,"20":91,"21":91,"22":91,"23":91,"24":91,"25":91,"26":91,"27":91,"28":91,"29":64,"30":64,"31":91,"32":91,"33":91,"34":68,"35":68,"36":91,"37":91,"38":91,"39":91,"40":91,"41":89,"42":89,"43":91,"44":91,"45":91,"46":91,"47":91,"48":69,"49":69,"50":91,"51":91,"52":91,"53":91,"54":134,"55":134,"56":91,"57":91,"58":91,"59":91,"60":91,"61":91,"62":31,"63":31,"64":91,"65":91,"66":91,"67":61,"68":61,"69":61,"70":30,"71":30,"72":91,"73":91,"74":91,"75":91,"76":38,"77":38,"78":91,"79":91,"80":91,"81":91,"82":72,"83":91,"84":91,"85":91},"branchMap":{"0":{"type":"branch","line":13,"loc":{"start":{"line":13,"column":7},"end":{"line":86,"column":1}},"locations":[{"start":{"line":13,"column":7},"end":{"line":86,"column":1}}]},"1":{"type":"branch","line":20,"loc":{"start":{"line":20,"column":2},"end":{"line":27,"column":3}},"locations":[{"start":{"line":20,"column":2},"end":{"line":27,"column":3}}]},"2":{"type":"branch","line":29,"loc":{"start":{"line":29,"column":2},"end":{"line":31,"column":3}},"locations":[{"start":{"line":29,"column":2},"end":{"line":31,"column":3}}]},"3":{"type":"branch","line":32,"loc":{"start":{"line":32,"column":2},"end":{"line":39,"column":3}},"locations":[{"start":{"line":32,"column":2},"end":{"line":39,"column":3}}]},"4":{"type":"branch","line":34,"loc":{"start":{"line":34,"column":21},"end":{"line":34,"column":45}},"locations":[{"start":{"line":34,"column":21},"end":{"line":34,"column":45}}]},"5":{"type":"branch","line":34,"loc":{"start":{"line":34,"column":40},"end":{"line":34,"column":79}},"locations":[{"start":{"line":34,"column":40},"end":{"line":34,"column":79}}]},"6":{"type":"branch","line":34,"loc":{"start":{"line":34,"column":79},"end":{"line":36,"column":5}},"locations":[{"start":{"line":34,"column":79},"end":{"line":36,"column":5}}]},"7":{"type":"branch","line":41,"loc":{"start":{"line":41,"column":2},"end":{"line":43,"column":3}},"locations":[{"start":{"line":41,"column":2},"end":{"line":43,"column":3}}]},"8":{"type":"branch","line":45,"loc":{"start":{"line":45,"column":2},"end":{"line":52,"column":3}},"locations":[{"start":{"line":45,"column":2},"end":{"line":52,"column":3}}]},"9":{"type":"branch","line":46,"loc":{"start":{"line":46,"column":31},"end":{"line":46,"column":60}},"locations":[{"start":{"line":46,"column":31},"end":{"line":46,"column":60}}]},"10":{"type":"branch","line":46,"loc":{"start":{"line":46,"column":60},"end":{"line":46,"column":70}},"locations":[{"start":{"line":46,"column":60},"end":{"line":46,"column":70}}]},"11":{"type":"branch","line":48,"loc":{"start":{"line":48,"column":21},"end":{"line":48,"column":53}},"locations":[{"start":{"line":48,"column":21},"end":{"line":48,"column":53}}]},"12":{"type":"branch","line":48,"loc":{"start":{"line":48,"column":48},"end":{"line":48,"column":95}},"locations":[{"start":{"line":48,"column":48},"end":{"line":48,"column":95}}]},"13":{"type":"branch","line":48,"loc":{"start":{"line":48,"column":95},"end":{"line":50,"column":5}},"locations":[{"start":{"line":48,"column":95},"end":{"line":50,"column":5}}]},"14":{"type":"branch","line":54,"loc":{"start":{"line":54,"column":2},"end":{"line":56,"column":3}},"locations":[{"start":{"line":54,"column":2},"end":{"line":56,"column":3}}]},"15":{"type":"branch","line":58,"loc":{"start":{"line":58,"column":2},"end":{"line":60,"column":3}},"locations":[{"start":{"line":58,"column":2},"end":{"line":60,"column":3}}]},"16":{"type":"branch","line":59,"loc":{"start":{"line":59,"column":27},"end":{"line":59,"column":58}},"locations":[{"start":{"line":59,"column":27},"end":{"line":59,"column":58}}]},"17":{"type":"branch","line":59,"loc":{"start":{"line":59,"column":45},"end":{"line":59,"column":73}},"locations":[{"start":{"line":59,"column":45},"end":{"line":59,"column":73}}]},"18":{"type":"branch","line":59,"loc":{"start":{"line":59,"column":68},"end":{"line":59,"column":80}},"locations":[{"start":{"line":59,"column":68},"end":{"line":59,"column":80}}]},"19":{"type":"branch","line":59,"loc":{"start":{"line":59,"column":73},"end":{"line":59,"column":90}},"locations":[{"start":{"line":59,"column":73},"end":{"line":59,"column":90}}]},"20":{"type":"branch","line":62,"loc":{"start":{"line":62,"column":2},"end":{"line":64,"column":3}},"locations":[{"start":{"line":62,"column":2},"end":{"line":64,"column":3}}]},"21":{"type":"branch","line":66,"loc":{"start":{"line":66,"column":2},"end":{"line":74,"column":3}},"locations":[{"start":{"line":66,"column":2},"end":{"line":74,"column":3}}]},"22":{"type":"branch","line":67,"loc":{"start":{"line":67,"column":20},"end":{"line":70,"column":5}},"locations":[{"start":{"line":67,"column":20},"end":{"line":70,"column":5}}]},"23":{"type":"branch","line":70,"loc":{"start":{"line":70,"column":4},"end":{"line":73,"column":55}},"locations":[{"start":{"line":70,"column":4},"end":{"line":73,"column":55}}]},"24":{"type":"branch","line":70,"loc":{"start":{"line":70,"column":4},"end":{"line":73,"column":38}},"locations":[{"start":{"line":70,"column":4},"end":{"line":73,"column":38}}]},"25":{"type":"branch","line":73,"loc":{"start":{"line":73,"column":29},"end":{"line":73,"column":55}},"locations":[{"start":{"line":73,"column":29},"end":{"line":73,"column":55}}]},"26":{"type":"branch","line":73,"loc":{"start":{"line":73,"column":46},"end":{"line":73,"column":63}},"locations":[{"start":{"line":73,"column":46},"end":{"line":73,"column":63}}]},"27":{"type":"branch","line":73,"loc":{"start":{"line":73,"column":55},"end":{"line":73,"column":68}},"locations":[{"start":{"line":73,"column":55},"end":{"line":73,"column":68}}]},"28":{"type":"branch","line":76,"loc":{"start":{"line":76,"column":2},"end":{"line":78,"column":3}},"locations":[{"start":{"line":76,"column":2},"end":{"line":78,"column":3}}]},"29":{"type":"branch","line":80,"loc":{"start":{"line":80,"column":2},"end":{"line":85,"column":3}},"locations":[{"start":{"line":80,"column":2},"end":{"line":85,"column":3}}]},"30":{"type":"branch","line":82,"loc":{"start":{"line":82,"column":16},"end":{"line":82,"column":47}},"locations":[{"start":{"line":82,"column":16},"end":{"line":82,"column":47}}]},"31":{"type":"branch","line":82,"loc":{"start":{"line":82,"column":34},"end":{"line":82,"column":73}},"locations":[{"start":{"line":82,"column":34},"end":{"line":82,"column":73}}]},"32":{"type":"branch","line":82,"loc":{"start":{"line":82,"column":70},"end":{"line":83,"column":15}},"locations":[{"start":{"line":82,"column":70},"end":{"line":83,"column":15}}]},"33":{"type":"branch","line":83,"loc":{"start":{"line":83,"column":10},"end":{"line":84,"column":21}},"locations":[{"start":{"line":83,"column":10},"end":{"line":84,"column":21}}]}},"b":{"0":[91],"1":[91],"2":[64],"3":[91],"4":[34],"5":[27],"6":[68],"7":[89],"8":[91],"9":[1],"10":[90],"11":[28],"12":[23],"13":[69],"14":[134],"15":[91],"16":[89],"17":[32],"18":[61],"19":[30],"20":[31],"21":[91],"22":[61],"23":[85],"24":[30],"25":[24],"26":[18],"27":[12],"28":[38],"29":[91],"30":[90],"31":[20],"32":[72],"33":[19]},"fnMap":{"0":{"name":"<instance_members_initializer>","decl":{"start":{"line":13,"column":7},"end":{"line":86,"column":1}},"loc":{"start":{"line":13,"column":7},"end":{"line":86,"column":1}},"line":13},"1":{"name":"SearchParams","decl":{"start":{"line":20,"column":2},"end":{"line":27,"column":3}},"loc":{"start":{"line":20,"column":2},"end":{"line":27,"column":3}},"line":20},"2":{"name":"get page","decl":{"start":{"line":29,"column":2},"end":{"line":31,"column":3}},"loc":{"start":{"line":29,"column":2},"end":{"line":31,"column":3}},"line":29},"3":{"name":"set page","decl":{"start":{"line":32,"column":2},"end":{"line":39,"column":3}},"loc":{"start":{"line":32,"column":2},"end":{"line":39,"column":3}},"line":32},"4":{"name":"get per_page","decl":{"start":{"line":41,"column":2},"end":{"line":43,"column":3}},"loc":{"start":{"line":41,"column":2},"end":{"line":43,"column":3}},"line":41},"5":{"name":"set per_page","decl":{"start":{"line":45,"column":2},"end":{"line":52,"column":3}},"loc":{"start":{"line":45,"column":2},"end":{"line":52,"column":3}},"line":45},"6":{"name":"get sort","decl":{"start":{"line":54,"column":2},"end":{"line":56,"column":3}},"loc":{"start":{"line":54,"column":2},"end":{"line":56,"column":3}},"line":54},"7":{"name":"set sort","decl":{"start":{"line":58,"column":2},"end":{"line":60,"column":3}},"loc":{"start":{"line":58,"column":2},"end":{"line":60,"column":3}},"line":58},"8":{"name":"get sort_dir","decl":{"start":{"line":62,"column":2},"end":{"line":64,"column":3}},"loc":{"start":{"line":62,"column":2},"end":{"line":64,"column":3}},"line":62},"9":{"name":"set sort_dir","decl":{"start":{"line":66,"column":2},"end":{"line":74,"column":3}},"loc":{"start":{"line":66,"column":2},"end":{"line":74,"column":3}},"line":66},"10":{"name":"get filter","decl":{"start":{"line":76,"column":2},"end":{"line":78,"column":3}},"loc":{"start":{"line":76,"column":2},"end":{"line":78,"column":3}},"line":76},"11":{"name":"set filter","decl":{"start":{"line":80,"column":2},"end":{"line":85,"column":3}},"loc":{"start":{"line":80,"column":2},"end":{"line":85,"column":3}},"line":80}},"f":{"0":91,"1":91,"2":64,"3":91,"4":89,"5":91,"6":134,"7":91,"8":31,"9":91,"10":38,"11":91}}
,"/home/node/app/src/core/shared/domain/repository/search-result.ts": {"path":"/home/node/app/src/core/shared/domain/repository/search-result.ts","all":false,"statementMap":{"0":{"start":{"line":1,"column":0},"end":{"line":1,"column":46}},"1":{"start":{"line":2,"column":0},"end":{"line":2,"column":35}},"2":{"start":{"line":3,"column":0},"end":{"line":3,"column":46}},"3":{"start":{"line":4,"column":0},"end":{"line":4,"column":0}},"4":{"start":{"line":5,"column":0},"end":{"line":5,"column":55}},"5":{"start":{"line":6,"column":0},"end":{"line":6,"column":13}},"6":{"start":{"line":7,"column":0},"end":{"line":7,"column":16}},"7":{"start":{"line":8,"column":0},"end":{"line":8,"column":23}},"8":{"start":{"line":9,"column":0},"end":{"line":9,"column":19}},"9":{"start":{"line":10,"column":0},"end":{"line":10,"column":20}},"10":{"start":{"line":11,"column":0},"end":{"line":11,"column":2}},"11":{"start":{"line":12,"column":0},"end":{"line":12,"column":0}},"12":{"start":{"line":13,"column":0},"end":{"line":13,"column":74}},"13":{"start":{"line":14,"column":0},"end":{"line":14,"column":22}},"14":{"start":{"line":15,"column":0},"end":{"line":15,"column":25}},"15":{"start":{"line":16,"column":0},"end":{"line":16,"column":32}},"16":{"start":{"line":17,"column":0},"end":{"line":17,"column":28}},"17":{"start":{"line":18,"column":0},"end":{"line":18,"column":29}},"18":{"start":{"line":19,"column":0},"end":{"line":19,"column":0}},"19":{"start":{"line":20,"column":0},"end":{"line":20,"column":55}},"20":{"start":{"line":21,"column":0},"end":{"line":21,"column":12}},"21":{"start":{"line":22,"column":0},"end":{"line":22,"column":29}},"22":{"start":{"line":23,"column":0},"end":{"line":23,"column":29}},"23":{"start":{"line":24,"column":0},"end":{"line":24,"column":43}},"24":{"start":{"line":25,"column":0},"end":{"line":25,"column":35}},"25":{"start":{"line":26,"column":0},"end":{"line":26,"column":59}},"26":{"start":{"line":27,"column":0},"end":{"line":27,"column":0}},"27":{"start":{"line":28,"column":0},"end":{"line":28,"column":3}},"28":{"start":{"line":29,"column":0},"end":{"line":29,"column":0}},"29":{"start":{"line":30,"column":0},"end":{"line":30,"column":31}},"30":{"start":{"line":31,"column":0},"end":{"line":31,"column":12}},"31":{"start":{"line":32,"column":0},"end":{"line":32,"column":24}},"32":{"start":{"line":33,"column":0},"end":{"line":33,"column":45}},"33":{"start":{"line":34,"column":0},"end":{"line":34,"column":19}},"34":{"start":{"line":35,"column":0},"end":{"line":35,"column":24}},"35":{"start":{"line":36,"column":0},"end":{"line":36,"column":38}},"36":{"start":{"line":37,"column":0},"end":{"line":37,"column":30}},"37":{"start":{"line":38,"column":0},"end":{"line":38,"column":32}},"38":{"start":{"line":39,"column":0},"end":{"line":39,"column":5}},"39":{"start":{"line":40,"column":0},"end":{"line":40,"column":3}},"40":{"start":{"line":41,"column":0},"end":{"line":41,"column":1}}},"s":{"0":1,"1":1,"2":1,"3":1,"4":1,"5":1,"6":1,"7":1,"8":1,"9":1,"10":1,"11":1,"12":1,"13":37,"14":37,"15":37,"16":37,"17":37,"18":37,"19":37,"20":37,"21":37,"22":37,"23":37,"24":37,"25":37,"26":37,"27":37,"28":37,"29":37,"30":6,"31":6,"32":4,"33":6,"34":6,"35":6,"36":6,"37":6,"38":6,"39":6,"40":37},"branchMap":{"0":{"type":"branch","line":13,"loc":{"start":{"line":13,"column":7},"end":{"line":41,"column":1}},"locations":[{"start":{"line":13,"column":7},"end":{"line":41,"column":1}}]},"1":{"type":"branch","line":20,"loc":{"start":{"line":20,"column":2},"end":{"line":28,"column":3}},"locations":[{"start":{"line":20,"column":2},"end":{"line":28,"column":3}}]},"2":{"type":"branch","line":30,"loc":{"start":{"line":30,"column":2},"end":{"line":40,"column":3}},"locations":[{"start":{"line":30,"column":2},"end":{"line":40,"column":3}}]},"3":{"type":"branch","line":32,"loc":{"start":{"line":32,"column":13},"end":{"line":33,"column":45}},"locations":[{"start":{"line":32,"column":13},"end":{"line":33,"column":45}}]},"4":{"type":"branch","line":33,"loc":{"start":{"line":33,"column":42},"end":{"line":34,"column":18}},"locations":[{"start":{"line":33,"column":42},"end":{"line":34,"column":18}}]},"5":{"type":"branch","line":33,"loc":{"start":{"line":33,"column":23},"end":{"line":33,"column":45}},"locations":[{"start":{"line":33,"column":23},"end":{"line":33,"column":45}}]}},"b":{"0":[37],"1":[37],"2":[6],"3":[4],"4":[2],"5":[8]},"fnMap":{"0":{"name":"<instance_members_initializer>","decl":{"start":{"line":13,"column":7},"end":{"line":41,"column":1}},"loc":{"start":{"line":13,"column":7},"end":{"line":41,"column":1}},"line":13},"1":{"name":"SearchResult","decl":{"start":{"line":20,"column":2},"end":{"line":28,"column":3}},"loc":{"start":{"line":20,"column":2},"end":{"line":28,"column":3}},"line":20},"2":{"name":"toJSON","decl":{"start":{"line":30,"column":2},"end":{"line":40,"column":3}},"loc":{"start":{"line":30,"column":2},"end":{"line":40,"column":3}},"line":30}},"f":{"0":37,"1":37,"2":6}}
,"/home/node/app/src/core/shared/domain/validators/class-validator-fields.ts": {"path":"/home/node/app/src/core/shared/domain/validators/class-validator-fields.ts","all":false,"statementMap":{"0":{"start":{"line":1,"column":0},"end":{"line":1,"column":47}},"1":{"start":{"line":2,"column":0},"end":{"line":2,"column":78}},"2":{"start":{"line":3,"column":0},"end":{"line":3,"column":46}},"3":{"start":{"line":4,"column":0},"end":{"line":4,"column":0}},"4":{"start":{"line":5,"column":0},"end":{"line":5,"column":72}},"5":{"start":{"line":6,"column":0},"end":{"line":6,"column":79}},"6":{"start":{"line":7,"column":0},"end":{"line":7,"column":39}},"7":{"start":{"line":8,"column":0},"end":{"line":8,"column":21}},"8":{"start":{"line":9,"column":0},"end":{"line":9,"column":7}},"9":{"start":{"line":10,"column":0},"end":{"line":10,"column":24}},"10":{"start":{"line":11,"column":0},"end":{"line":11,"column":35}},"11":{"start":{"line":12,"column":0},"end":{"line":12,"column":37}},"12":{"start":{"line":13,"column":0},"end":{"line":13,"column":64}},"13":{"start":{"line":14,"column":0},"end":{"line":14,"column":48}},"14":{"start":{"line":15,"column":0},"end":{"line":15,"column":11}},"15":{"start":{"line":16,"column":0},"end":{"line":16,"column":7}},"16":{"start":{"line":17,"column":0},"end":{"line":17,"column":6}},"17":{"start":{"line":18,"column":0},"end":{"line":18,"column":26}},"18":{"start":{"line":19,"column":0},"end":{"line":19,"column":3}},"19":{"start":{"line":20,"column":0},"end":{"line":20,"column":1}}},"s":{"0":1,"1":1,"2":1,"3":1,"4":1,"5":1,"6":153,"7":153,"8":153,"9":153,"10":2,"11":2,"12":2,"13":2,"14":2,"15":2,"16":2,"17":153,"18":153,"19":1},"branchMap":{"0":{"type":"branch","line":6,"loc":{"start":{"line":6,"column":2},"end":{"line":19,"column":3}},"locations":[{"start":{"line":6,"column":2},"end":{"line":19,"column":3}}]},"1":{"type":"branch","line":10,"loc":{"start":{"line":10,"column":23},"end":{"line":17,"column":6}},"locations":[{"start":{"line":10,"column":23},"end":{"line":17,"column":6}}]},"2":{"type":"branch","line":13,"loc":{"start":{"line":13,"column":50},"end":{"line":15,"column":11}},"locations":[{"start":{"line":13,"column":50},"end":{"line":15,"column":11}}]}},"b":{"0":[153],"1":[2],"2":[2]},"fnMap":{"0":{"name":"validate","decl":{"start":{"line":6,"column":2},"end":{"line":19,"column":3}},"loc":{"start":{"line":6,"column":2},"end":{"line":19,"column":3}},"line":6}},"f":{"0":153}}
,"/home/node/app/src/core/shared/domain/validators/notification.ts": {"path":"/home/node/app/src/core/shared/domain/validators/notification.ts","all":false,"statementMap":{"0":{"start":{"line":1,"column":0},"end":{"line":1,"column":27}},"1":{"start":{"line":2,"column":0},"end":{"line":2,"column":48}},"2":{"start":{"line":3,"column":0},"end":{"line":3,"column":0}},"3":{"start":{"line":4,"column":0},"end":{"line":4,"column":43}},"4":{"start":{"line":5,"column":0},"end":{"line":5,"column":16}},"5":{"start":{"line":6,"column":0},"end":{"line":6,"column":64}},"6":{"start":{"line":7,"column":0},"end":{"line":7,"column":57}},"7":{"start":{"line":8,"column":0},"end":{"line":8,"column":37}},"8":{"start":{"line":9,"column":0},"end":{"line":9,"column":12}},"9":{"start":{"line":10,"column":0},"end":{"line":10,"column":36}},"10":{"start":{"line":11,"column":0},"end":{"line":11,"column":5}},"11":{"start":{"line":12,"column":0},"end":{"line":12,"column":3}},"12":{"start":{"line":13,"column":0},"end":{"line":13,"column":0}},"13":{"start":{"line":14,"column":0},"end":{"line":14,"column":54}},"14":{"start":{"line":15,"column":0},"end":{"line":15,"column":16}},"15":{"start":{"line":16,"column":0},"end":{"line":16,"column":69}},"16":{"start":{"line":17,"column":0},"end":{"line":17,"column":12}},"17":{"start":{"line":18,"column":0},"end":{"line":18,"column":33}},"18":{"start":{"line":19,"column":0},"end":{"line":19,"column":34}},"19":{"start":{"line":20,"column":0},"end":{"line":20,"column":40}},"20":{"start":{"line":21,"column":0},"end":{"line":21,"column":11}},"21":{"start":{"line":22,"column":0},"end":{"line":22,"column":15}},"22":{"start":{"line":23,"column":0},"end":{"line":23,"column":7}},"23":{"start":{"line":24,"column":0},"end":{"line":24,"column":36}},"24":{"start":{"line":25,"column":0},"end":{"line":25,"column":5}},"25":{"start":{"line":26,"column":0},"end":{"line":26,"column":3}},"26":{"start":{"line":27,"column":0},"end":{"line":27,"column":0}},"27":{"start":{"line":28,"column":0},"end":{"line":28,"column":24}},"28":{"start":{"line":29,"column":0},"end":{"line":29,"column":32}},"29":{"start":{"line":30,"column":0},"end":{"line":30,"column":3}},"30":{"start":{"line":31,"column":0},"end":{"line":31,"column":0}},"31":{"start":{"line":32,"column":0},"end":{"line":32,"column":42}},"32":{"start":{"line":33,"column":0},"end":{"line":33,"column":51}},"33":{"start":{"line":34,"column":0},"end":{"line":34,"column":34}},"34":{"start":{"line":35,"column":0},"end":{"line":35,"column":7}},"35":{"start":{"line":36,"column":0},"end":{"line":36,"column":3}},"36":{"start":{"line":37,"column":0},"end":{"line":37,"column":0}},"37":{"start":{"line":38,"column":0},"end":{"line":38,"column":12}},"38":{"start":{"line":39,"column":0},"end":{"line":39,"column":67}},"39":{"start":{"line":40,"column":0},"end":{"line":40,"column":41}},"40":{"start":{"line":41,"column":0},"end":{"line":41,"column":38}},"41":{"start":{"line":42,"column":0},"end":{"line":42,"column":27}},"42":{"start":{"line":43,"column":0},"end":{"line":43,"column":14}},"43":{"start":{"line":44,"column":0},"end":{"line":44,"column":38}},"44":{"start":{"line":45,"column":0},"end":{"line":45,"column":7}},"45":{"start":{"line":46,"column":0},"end":{"line":46,"column":7}},"46":{"start":{"line":47,"column":0},"end":{"line":47,"column":18}},"47":{"start":{"line":48,"column":0},"end":{"line":48,"column":3}},"48":{"start":{"line":49,"column":0},"end":{"line":49,"column":1}}},"s":{"0":1,"1":184,"2":184,"3":184,"4":2,"5":2,"6":2,"7":2,"8":2,"9":0,"10":0,"11":2,"12":184,"13":184,"14":0,"15":0,"16":0,"17":0,"18":0,"19":0,"20":0,"21":0,"22":0,"23":0,"24":0,"25":0,"26":184,"27":184,"28":50,"29":50,"30":184,"31":184,"32":0,"33":0,"34":0,"35":0,"36":184,"37":184,"38":0,"39":0,"40":0,"41":0,"42":0,"43":0,"44":0,"45":0,"46":0,"47":0,"48":184},"branchMap":{"0":{"type":"branch","line":1,"loc":{"start":{"line":1,"column":7},"end":{"line":49,"column":1}},"locations":[{"start":{"line":1,"column":7},"end":{"line":49,"column":1}}]},"1":{"type":"branch","line":4,"loc":{"start":{"line":4,"column":2},"end":{"line":12,"column":3}},"locations":[{"start":{"line":4,"column":2},"end":{"line":12,"column":3}}]},"2":{"type":"branch","line":9,"loc":{"start":{"line":9,"column":4},"end":{"line":11,"column":5}},"locations":[{"start":{"line":9,"column":4},"end":{"line":11,"column":5}}]},"3":{"type":"branch","line":28,"loc":{"start":{"line":28,"column":2},"end":{"line":30,"column":3}},"locations":[{"start":{"line":28,"column":2},"end":{"line":30,"column":3}}]}},"b":{"0":[184],"1":[2],"2":[0],"3":[50]},"fnMap":{"0":{"name":"<instance_members_initializer>","decl":{"start":{"line":1,"column":7},"end":{"line":49,"column":1}},"loc":{"start":{"line":1,"column":7},"end":{"line":49,"column":1}},"line":1},"1":{"name":"addError","decl":{"start":{"line":4,"column":2},"end":{"line":12,"column":3}},"loc":{"start":{"line":4,"column":2},"end":{"line":12,"column":3}},"line":4},"2":{"name":"setError","decl":{"start":{"line":14,"column":2},"end":{"line":26,"column":3}},"loc":{"start":{"line":14,"column":2},"end":{"line":26,"column":3}},"line":14},"3":{"name":"hasErrors","decl":{"start":{"line":28,"column":2},"end":{"line":30,"column":3}},"loc":{"start":{"line":28,"column":2},"end":{"line":30,"column":3}},"line":28},"4":{"name":"copyErrors","decl":{"start":{"line":32,"column":2},"end":{"line":36,"column":3}},"loc":{"start":{"line":32,"column":2},"end":{"line":36,"column":3}},"line":32},"5":{"name":"toJSON","decl":{"start":{"line":38,"column":2},"end":{"line":48,"column":3}},"loc":{"start":{"line":38,"column":2},"end":{"line":48,"column":3}},"line":38}},"f":{"0":184,"1":2,"2":0,"3":50,"4":0,"5":0}}
,"/home/node/app/src/core/shared/domain/validators/validation.error.ts": {"path":"/home/node/app/src/core/shared/domain/validators/validation.error.ts","all":false,"statementMap":{"0":{"start":{"line":1,"column":0},"end":{"line":1,"column":60}},"1":{"start":{"line":2,"column":0},"end":{"line":2,"column":0}},"2":{"start":{"line":3,"column":0},"end":{"line":3,"column":50}},"3":{"start":{"line":4,"column":0},"end":{"line":4,"column":82}},"4":{"start":{"line":5,"column":0},"end":{"line":5,"column":19}},"5":{"start":{"line":6,"column":0},"end":{"line":6,"column":3}},"6":{"start":{"line":7,"column":0},"end":{"line":7,"column":11}},"7":{"start":{"line":8,"column":0},"end":{"line":8,"column":42}},"8":{"start":{"line":9,"column":0},"end":{"line":9,"column":3}},"9":{"start":{"line":10,"column":0},"end":{"line":10,"column":0}},"10":{"start":{"line":11,"column":0},"end":{"line":11,"column":1}},"11":{"start":{"line":12,"column":0},"end":{"line":12,"column":0}},"12":{"start":{"line":13,"column":0},"end":{"line":13,"column":63}},"13":{"start":{"line":14,"column":0},"end":{"line":14,"column":0}},"14":{"start":{"line":15,"column":0},"end":{"line":15,"column":60}},"15":{"start":{"line":16,"column":0},"end":{"line":16,"column":17}},"16":{"start":{"line":17,"column":0},"end":{"line":17,"column":36}},"17":{"start":{"line":18,"column":0},"end":{"line":18,"column":36}},"18":{"start":{"line":19,"column":0},"end":{"line":19,"column":8}},"19":{"start":{"line":20,"column":0},"end":{"line":20,"column":22}},"20":{"start":{"line":21,"column":0},"end":{"line":21,"column":6}},"21":{"start":{"line":22,"column":0},"end":{"line":22,"column":0}},"22":{"start":{"line":23,"column":0},"end":{"line":23,"column":48}},"23":{"start":{"line":24,"column":0},"end":{"line":24,"column":19}},"24":{"start":{"line":25,"column":0},"end":{"line":25,"column":45}},"25":{"start":{"line":26,"column":0},"end":{"line":26,"column":8}},"26":{"start":{"line":27,"column":0},"end":{"line":27,"column":6}},"27":{"start":{"line":28,"column":0},"end":{"line":28,"column":0}},"28":{"start":{"line":29,"column":0},"end":{"line":29,"column":0}},"29":{"start":{"line":30,"column":0},"end":{"line":30,"column":48}},"30":{"start":{"line":31,"column":0},"end":{"line":31,"column":0}},"31":{"start":{"line":32,"column":0},"end":{"line":32,"column":0}},"32":{"start":{"line":33,"column":0},"end":{"line":33,"column":67}},"33":{"start":{"line":34,"column":0},"end":{"line":34,"column":41}},"34":{"start":{"line":35,"column":0},"end":{"line":35,"column":47}},"35":{"start":{"line":36,"column":0},"end":{"line":36,"column":43}},"36":{"start":{"line":37,"column":0},"end":{"line":37,"column":6}},"37":{"start":{"line":38,"column":0},"end":{"line":38,"column":4}},"38":{"start":{"line":39,"column":0},"end":{"line":39,"column":0}},"39":{"start":{"line":40,"column":0},"end":{"line":40,"column":61}},"40":{"start":{"line":41,"column":0},"end":{"line":41,"column":48}},"41":{"start":{"line":42,"column":0},"end":{"line":42,"column":39}},"42":{"start":{"line":43,"column":0},"end":{"line":43,"column":37}},"43":{"start":{"line":44,"column":0},"end":{"line":44,"column":6}},"44":{"start":{"line":45,"column":0},"end":{"line":45,"column":4}}},"s":{"0":1,"1":1,"2":1,"3":1,"4":1,"5":1,"6":1,"7":0,"8":0,"9":1,"10":1,"11":1,"12":1,"13":1,"14":1,"15":1,"16":1,"17":1,"18":1,"19":1,"20":1,"21":1,"22":1,"23":1,"24":1,"25":1,"26":1,"27":1,"28":1,"29":1,"30":1,"31":1,"32":1,"33":1,"34":1,"35":1,"36":1,"37":1,"38":1,"39":1,"40":1,"41":1,"42":1,"43":1,"44":1},"branchMap":{"0":{"type":"branch","line":3,"loc":{"start":{"line":3,"column":7},"end":{"line":11,"column":1}},"locations":[{"start":{"line":3,"column":7},"end":{"line":11,"column":1}}]},"1":{"type":"branch","line":4,"loc":{"start":{"line":4,"column":2},"end":{"line":6,"column":3}},"locations":[{"start":{"line":4,"column":2},"end":{"line":6,"column":3}}]}},"b":{"0":[1],"1":[1]},"fnMap":{"0":{"name":"<instance_members_initializer>","decl":{"start":{"line":3,"column":7},"end":{"line":11,"column":1}},"loc":{"start":{"line":3,"column":7},"end":{"line":11,"column":1}},"line":3},"1":{"name":"EntityValidationError","decl":{"start":{"line":4,"column":2},"end":{"line":6,"column":3}},"loc":{"start":{"line":4,"column":2},"end":{"line":6,"column":3}},"line":4},"2":{"name":"count","decl":{"start":{"line":7,"column":2},"end":{"line":9,"column":3}},"loc":{"start":{"line":7,"column":2},"end":{"line":9,"column":3}},"line":7}},"f":{"0":1,"1":1,"2":0}}
,"/home/node/app/src/core/shared/domain/value-objects/uuid.vo.ts": {"path":"/home/node/app/src/core/shared/domain/value-objects/uuid.vo.ts","all":false,"statementMap":{"0":{"start":{"line":1,"column":0},"end":{"line":1,"column":32}},"1":{"start":{"line":2,"column":0},"end":{"line":2,"column":46}},"2":{"start":{"line":3,"column":0},"end":{"line":3,"column":62}},"3":{"start":{"line":4,"column":0},"end":{"line":4,"column":0}},"4":{"start":{"line":5,"column":0},"end":{"line":5,"column":0}},"5":{"start":{"line":6,"column":0},"end":{"line":6,"column":39}},"6":{"start":{"line":7,"column":0},"end":{"line":7,"column":22}},"7":{"start":{"line":8,"column":0},"end":{"line":8,"column":0}},"8":{"start":{"line":9,"column":0},"end":{"line":9,"column":28}},"9":{"start":{"line":10,"column":0},"end":{"line":10,"column":12}},"10":{"start":{"line":11,"column":0},"end":{"line":11,"column":29}},"11":{"start":{"line":12,"column":0},"end":{"line":12,"column":20}},"12":{"start":{"line":13,"column":0},"end":{"line":13,"column":3}},"13":{"start":{"line":14,"column":0},"end":{"line":14,"column":0}},"14":{"start":{"line":15,"column":0},"end":{"line":15,"column":22}},"15":{"start":{"line":16,"column":0},"end":{"line":16,"column":38}},"16":{"start":{"line":17,"column":0},"end":{"line":17,"column":19}},"17":{"start":{"line":18,"column":0},"end":{"line":18,"column":35}},"18":{"start":{"line":19,"column":0},"end":{"line":19,"column":5}},"19":{"start":{"line":20,"column":0},"end":{"line":20,"column":0}},"20":{"start":{"line":21,"column":0},"end":{"line":21,"column":3}},"21":{"start":{"line":22,"column":0},"end":{"line":22,"column":0}},"22":{"start":{"line":23,"column":0},"end":{"line":23,"column":13}},"23":{"start":{"line":24,"column":0},"end":{"line":24,"column":19}},"24":{"start":{"line":25,"column":0},"end":{"line":25,"column":3}},"25":{"start":{"line":26,"column":0},"end":{"line":26,"column":1}},"26":{"start":{"line":27,"column":0},"end":{"line":27,"column":0}},"27":{"start":{"line":28,"column":0},"end":{"line":28,"column":45}},"28":{"start":{"line":29,"column":0},"end":{"line":29,"column":33}},"29":{"start":{"line":30,"column":0},"end":{"line":30,"column":48}},"30":{"start":{"line":31,"column":0},"end":{"line":31,"column":35}},"31":{"start":{"line":32,"column":0},"end":{"line":32,"column":3}},"32":{"start":{"line":33,"column":0},"end":{"line":33,"column":1}}},"s":{"0":1,"1":1,"2":1,"3":1,"4":1,"5":1,"6":232,"7":232,"8":232,"9":232,"10":232,"11":232,"12":232,"13":232,"14":232,"15":232,"16":232,"17":4,"18":4,"19":232,"20":232,"21":232,"22":232,"23":1,"24":1,"25":232,"26":1,"27":1,"28":1,"29":8,"30":8,"31":8,"32":1},"branchMap":{"0":{"type":"branch","line":6,"loc":{"start":{"line":6,"column":7},"end":{"line":26,"column":1}},"locations":[{"start":{"line":6,"column":7},"end":{"line":26,"column":1}}]},"1":{"type":"branch","line":9,"loc":{"start":{"line":9,"column":2},"end":{"line":13,"column":3}},"locations":[{"start":{"line":9,"column":2},"end":{"line":13,"column":3}}]},"2":{"type":"branch","line":11,"loc":{"start":{"line":11,"column":14},"end":{"line":11,"column":29}},"locations":[{"start":{"line":11,"column":14},"end":{"line":11,"column":29}}]},"3":{"type":"branch","line":15,"loc":{"start":{"line":15,"column":10},"end":{"line":21,"column":3}},"locations":[{"start":{"line":15,"column":10},"end":{"line":21,"column":3}}]},"4":{"type":"branch","line":17,"loc":{"start":{"line":17,"column":18},"end":{"line":19,"column":5}},"locations":[{"start":{"line":17,"column":18},"end":{"line":19,"column":5}}]},"5":{"type":"branch","line":23,"loc":{"start":{"line":23,"column":2},"end":{"line":25,"column":3}},"locations":[{"start":{"line":23,"column":2},"end":{"line":25,"column":3}}]},"6":{"type":"branch","line":29,"loc":{"start":{"line":29,"column":2},"end":{"line":32,"column":3}},"locations":[{"start":{"line":29,"column":2},"end":{"line":32,"column":3}}]}},"b":{"0":[232],"1":[232],"2":[134],"3":[232],"4":[4],"5":[1],"6":[8]},"fnMap":{"0":{"name":"<instance_members_initializer>","decl":{"start":{"line":6,"column":7},"end":{"line":26,"column":1}},"loc":{"start":{"line":6,"column":7},"end":{"line":26,"column":1}},"line":6},"1":{"name":"Uuid","decl":{"start":{"line":9,"column":2},"end":{"line":13,"column":3}},"loc":{"start":{"line":9,"column":2},"end":{"line":13,"column":3}},"line":9},"2":{"name":"validate","decl":{"start":{"line":15,"column":10},"end":{"line":21,"column":3}},"loc":{"start":{"line":15,"column":10},"end":{"line":21,"column":3}},"line":15},"3":{"name":"toString","decl":{"start":{"line":23,"column":2},"end":{"line":25,"column":3}},"loc":{"start":{"line":23,"column":2},"end":{"line":25,"column":3}},"line":23},"4":{"name":"InvalidUuidError","decl":{"start":{"line":29,"column":2},"end":{"line":32,"column":3}},"loc":{"start":{"line":29,"column":2},"end":{"line":32,"column":3}},"line":29}},"f":{"0":232,"1":232,"2":232,"3":1,"4":8}}
,"/home/node/app/src/core/shared/infra/config.ts": {"path":"/home/node/app/src/core/shared/infra/config.ts","all":false,"statementMap":{"0":{"start":{"line":1,"column":0},"end":{"line":1,"column":43}},"1":{"start":{"line":2,"column":0},"end":{"line":2,"column":28}},"2":{"start":{"line":3,"column":0},"end":{"line":3,"column":0}},"3":{"start":{"line":4,"column":0},"end":{"line":4,"column":21}},"4":{"start":{"line":5,"column":0},"end":{"line":5,"column":25}},"5":{"start":{"line":6,"column":0},"end":{"line":6,"column":0}},"6":{"start":{"line":7,"column":0},"end":{"line":7,"column":15}},"7":{"start":{"line":8,"column":0},"end":{"line":8,"column":21}},"8":{"start":{"line":9,"column":0},"end":{"line":9,"column":4}},"9":{"start":{"line":10,"column":0},"end":{"line":10,"column":12}},"10":{"start":{"line":11,"column":0},"end":{"line":11,"column":31}},"11":{"start":{"line":12,"column":0},"end":{"line":12,"column":31}},"12":{"start":{"line":13,"column":0},"end":{"line":13,"column":48}},"13":{"start":{"line":14,"column":0},"end":{"line":14,"column":6}},"14":{"start":{"line":15,"column":0},"end":{"line":15,"column":3}},"15":{"start":{"line":16,"column":0},"end":{"line":16,"column":0}},"16":{"start":{"line":17,"column":0},"end":{"line":17,"column":20}},"17":{"start":{"line":18,"column":0},"end":{"line":18,"column":21}},"18":{"start":{"line":19,"column":0},"end":{"line":19,"column":13}},"19":{"start":{"line":20,"column":0},"end":{"line":20,"column":5}},"20":{"start":{"line":21,"column":0},"end":{"line":21,"column":0}},"21":{"start":{"line":22,"column":0},"end":{"line":22,"column":26}},"22":{"start":{"line":23,"column":0},"end":{"line":23,"column":77}},"23":{"start":{"line":24,"column":0},"end":{"line":24,"column":14}},"24":{"start":{"line":25,"column":0},"end":{"line":25,"column":3}},"25":{"start":{"line":26,"column":0},"end":{"line":26,"column":1}}},"s":{"0":1,"1":1,"2":1,"3":1,"4":1,"5":1,"6":1,"7":7,"8":7,"9":7,"10":7,"11":7,"12":7,"13":7,"14":7,"15":1,"16":1,"17":7,"18":0,"19":0,"20":7,"21":7,"22":7,"23":7,"24":7,"25":1},"branchMap":{"0":{"type":"branch","line":5,"loc":{"start":{"line":5,"column":2},"end":{"line":5,"column":25}},"locations":[{"start":{"line":5,"column":2},"end":{"line":5,"column":25}}]},"1":{"type":"branch","line":7,"loc":{"start":{"line":7,"column":9},"end":{"line":15,"column":3}},"locations":[{"start":{"line":7,"column":9},"end":{"line":15,"column":3}}]},"2":{"type":"branch","line":17,"loc":{"start":{"line":17,"column":9},"end":{"line":25,"column":3}},"locations":[{"start":{"line":17,"column":9},"end":{"line":25,"column":3}}]},"3":{"type":"branch","line":18,"loc":{"start":{"line":18,"column":20},"end":{"line":20,"column":5}},"locations":[{"start":{"line":18,"column":20},"end":{"line":20,"column":5}}]}},"b":{"0":[7],"1":[7],"2":[7],"3":[0]},"fnMap":{"0":{"name":"<static_initializer>","decl":{"start":{"line":5,"column":2},"end":{"line":5,"column":25}},"loc":{"start":{"line":5,"column":2},"end":{"line":5,"column":25}},"line":5},"1":{"name":"db","decl":{"start":{"line":7,"column":9},"end":{"line":15,"column":3}},"loc":{"start":{"line":7,"column":9},"end":{"line":15,"column":3}},"line":7},"2":{"name":"readEnv","decl":{"start":{"line":17,"column":9},"end":{"line":25,"column":3}},"loc":{"start":{"line":17,"column":9},"end":{"line":25,"column":3}},"line":17}},"f":{"0":7,"1":7,"2":7}}
,"/home/node/app/src/core/shared/infra/db/in-memory/in-memory.repository.ts": {"path":"/home/node/app/src/core/shared/infra/db/in-memory/in-memory.repository.ts","all":false,"statementMap":{"0":{"start":{"line":1,"column":0},"end":{"line":1,"column":48}},"1":{"start":{"line":2,"column":0},"end":{"line":2,"column":71}},"2":{"start":{"line":3,"column":0},"end":{"line":3,"column":8}},"3":{"start":{"line":4,"column":0},"end":{"line":4,"column":14}},"4":{"start":{"line":5,"column":0},"end":{"line":5,"column":24}},"5":{"start":{"line":6,"column":0},"end":{"line":6,"column":57}},"6":{"start":{"line":7,"column":0},"end":{"line":7,"column":72}},"7":{"start":{"line":8,"column":0},"end":{"line":8,"column":72}},"8":{"start":{"line":9,"column":0},"end":{"line":9,"column":59}},"9":{"start":{"line":10,"column":0},"end":{"line":10,"column":0}},"10":{"start":{"line":11,"column":0},"end":{"line":11,"column":41}},"11":{"start":{"line":12,"column":0},"end":{"line":12,"column":19}},"12":{"start":{"line":13,"column":0},"end":{"line":13,"column":31}},"13":{"start":{"line":14,"column":0},"end":{"line":14,"column":37}},"14":{"start":{"line":15,"column":0},"end":{"line":15,"column":1}},"15":{"start":{"line":16,"column":0},"end":{"line":16,"column":18}},"16":{"start":{"line":17,"column":0},"end":{"line":17,"column":0}},"17":{"start":{"line":18,"column":0},"end":{"line":18,"column":42}},"18":{"start":{"line":19,"column":0},"end":{"line":19,"column":28}},"19":{"start":{"line":20,"column":0},"end":{"line":20,"column":3}},"20":{"start":{"line":21,"column":0},"end":{"line":21,"column":50}},"21":{"start":{"line":22,"column":0},"end":{"line":22,"column":33}},"22":{"start":{"line":23,"column":0},"end":{"line":23,"column":3}},"23":{"start":{"line":24,"column":0},"end":{"line":24,"column":42}},"24":{"start":{"line":25,"column":0},"end":{"line":25,"column":53}},"25":{"start":{"line":26,"column":0},"end":{"line":26,"column":46}},"26":{"start":{"line":27,"column":0},"end":{"line":27,"column":6}},"27":{"start":{"line":28,"column":0},"end":{"line":28,"column":28}},"28":{"start":{"line":29,"column":0},"end":{"line":29,"column":66}},"29":{"start":{"line":30,"column":0},"end":{"line":30,"column":5}},"30":{"start":{"line":31,"column":0},"end":{"line":31,"column":36}},"31":{"start":{"line":32,"column":0},"end":{"line":32,"column":3}},"32":{"start":{"line":33,"column":0},"end":{"line":33,"column":52}},"33":{"start":{"line":34,"column":0},"end":{"line":34,"column":53}},"34":{"start":{"line":35,"column":0},"end":{"line":35,"column":39}},"35":{"start":{"line":36,"column":0},"end":{"line":36,"column":6}},"36":{"start":{"line":37,"column":0},"end":{"line":37,"column":28}},"37":{"start":{"line":38,"column":0},"end":{"line":38,"column":59}},"38":{"start":{"line":39,"column":0},"end":{"line":39,"column":5}},"39":{"start":{"line":40,"column":0},"end":{"line":40,"column":37}},"40":{"start":{"line":41,"column":0},"end":{"line":41,"column":3}},"41":{"start":{"line":42,"column":0},"end":{"line":42,"column":51}},"42":{"start":{"line":43,"column":0},"end":{"line":43,"column":32}},"43":{"start":{"line":44,"column":0},"end":{"line":44,"column":3}},"44":{"start":{"line":45,"column":0},"end":{"line":45,"column":0}},"45":{"start":{"line":46,"column":0},"end":{"line":46,"column":39}},"46":{"start":{"line":47,"column":0},"end":{"line":47,"column":77}},"47":{"start":{"line":48,"column":0},"end":{"line":48,"column":53}},"48":{"start":{"line":49,"column":0},"end":{"line":49,"column":3}},"49":{"start":{"line":50,"column":0},"end":{"line":50,"column":0}},"50":{"start":{"line":51,"column":0},"end":{"line":51,"column":33}},"51":{"start":{"line":52,"column":0},"end":{"line":52,"column":22}},"52":{"start":{"line":53,"column":0},"end":{"line":53,"column":3}},"53":{"start":{"line":54,"column":0},"end":{"line":54,"column":50}},"54":{"start":{"line":55,"column":0},"end":{"line":55,"column":1}},"55":{"start":{"line":56,"column":0},"end":{"line":56,"column":0}},"56":{"start":{"line":57,"column":0},"end":{"line":57,"column":51}},"57":{"start":{"line":58,"column":0},"end":{"line":58,"column":21}},"58":{"start":{"line":59,"column":0},"end":{"line":59,"column":33}},"59":{"start":{"line":60,"column":0},"end":{"line":60,"column":20}},"60":{"start":{"line":61,"column":0},"end":{"line":61,"column":3}},"61":{"start":{"line":62,"column":0},"end":{"line":62,"column":41}},"62":{"start":{"line":63,"column":0},"end":{"line":63,"column":55}},"63":{"start":{"line":64,"column":0},"end":{"line":64,"column":1}},"64":{"start":{"line":65,"column":0},"end":{"line":65,"column":32}},"65":{"start":{"line":66,"column":0},"end":{"line":66,"column":71}},"66":{"start":{"line":67,"column":0},"end":{"line":67,"column":75}},"67":{"start":{"line":68,"column":0},"end":{"line":68,"column":39}},"68":{"start":{"line":69,"column":0},"end":{"line":69,"column":20}},"69":{"start":{"line":70,"column":0},"end":{"line":70,"column":17}},"70":{"start":{"line":71,"column":0},"end":{"line":71,"column":21}},"71":{"start":{"line":72,"column":0},"end":{"line":72,"column":6}},"72":{"start":{"line":73,"column":0},"end":{"line":73,"column":46}},"73":{"start":{"line":74,"column":0},"end":{"line":74,"column":18}},"74":{"start":{"line":75,"column":0},"end":{"line":75,"column":17}},"75":{"start":{"line":76,"column":0},"end":{"line":76,"column":21}},"76":{"start":{"line":77,"column":0},"end":{"line":77,"column":6}},"77":{"start":{"line":78,"column":0},"end":{"line":78,"column":0}},"78":{"start":{"line":79,"column":0},"end":{"line":79,"column":29}},"79":{"start":{"line":80,"column":0},"end":{"line":80,"column":28}},"80":{"start":{"line":81,"column":0},"end":{"line":81,"column":34}},"81":{"start":{"line":82,"column":0},"end":{"line":82,"column":31}},"82":{"start":{"line":83,"column":0},"end":{"line":83,"column":31}},"83":{"start":{"line":84,"column":0},"end":{"line":84,"column":66}},"84":{"start":{"line":85,"column":0},"end":{"line":85,"column":7}},"85":{"start":{"line":86,"column":0},"end":{"line":86,"column":3}},"86":{"start":{"line":87,"column":0},"end":{"line":87,"column":0}},"87":{"start":{"line":88,"column":0},"end":{"line":88,"column":33}},"88":{"start":{"line":89,"column":0},"end":{"line":89,"column":15}},"89":{"start":{"line":90,"column":0},"end":{"line":90,"column":26}},"90":{"start":{"line":91,"column":0},"end":{"line":91,"column":18}},"91":{"start":{"line":92,"column":0},"end":{"line":92,"column":0}},"92":{"start":{"line":93,"column":0},"end":{"line":93,"column":26}},"93":{"start":{"line":94,"column":0},"end":{"line":94,"column":15}},"94":{"start":{"line":95,"column":0},"end":{"line":95,"column":31}},"95":{"start":{"line":96,"column":0},"end":{"line":96,"column":39}},"96":{"start":{"line":97,"column":0},"end":{"line":97,"column":10}},"97":{"start":{"line":98,"column":0},"end":{"line":98,"column":40}},"98":{"start":{"line":99,"column":0},"end":{"line":99,"column":35}},"99":{"start":{"line":100,"column":0},"end":{"line":100,"column":37}},"100":{"start":{"line":101,"column":0},"end":{"line":101,"column":3}},"101":{"start":{"line":102,"column":0},"end":{"line":102,"column":0}},"102":{"start":{"line":103,"column":0},"end":{"line":103,"column":22}},"103":{"start":{"line":104,"column":0},"end":{"line":104,"column":15}},"104":{"start":{"line":105,"column":0},"end":{"line":105,"column":31}},"105":{"start":{"line":106,"column":0},"end":{"line":106,"column":39}},"106":{"start":{"line":107,"column":0},"end":{"line":107,"column":51}},"107":{"start":{"line":108,"column":0},"end":{"line":108,"column":5}},"108":{"start":{"line":109,"column":0},"end":{"line":109,"column":55}},"109":{"start":{"line":110,"column":0},"end":{"line":110,"column":19}},"110":{"start":{"line":111,"column":0},"end":{"line":111,"column":5}},"111":{"start":{"line":112,"column":0},"end":{"line":112,"column":38}},"112":{"start":{"line":113,"column":0},"end":{"line":113,"column":70}},"113":{"start":{"line":114,"column":0},"end":{"line":114,"column":70}},"114":{"start":{"line":115,"column":0},"end":{"line":115,"column":28}},"115":{"start":{"line":116,"column":0},"end":{"line":116,"column":43}},"116":{"start":{"line":117,"column":0},"end":{"line":117,"column":7}},"117":{"start":{"line":118,"column":0},"end":{"line":118,"column":28}},"118":{"start":{"line":119,"column":0},"end":{"line":119,"column":43}},"119":{"start":{"line":120,"column":0},"end":{"line":120,"column":7}},"120":{"start":{"line":121,"column":0},"end":{"line":121,"column":0}},"121":{"start":{"line":122,"column":0},"end":{"line":122,"column":15}},"122":{"start":{"line":123,"column":0},"end":{"line":123,"column":7}},"123":{"start":{"line":124,"column":0},"end":{"line":124,"column":3}},"124":{"start":{"line":125,"column":0},"end":{"line":125,"column":1}}},"s":{"0":1,"1":1,"2":1,"3":1,"4":1,"5":1,"6":1,"7":1,"8":1,"9":1,"10":1,"11":47,"12":47,"13":47,"14":47,"15":47,"16":47,"17":47,"18":3,"19":3,"20":47,"21":1,"22":1,"23":47,"24":5,"25":5,"26":5,"27":5,"28":0,"29":0,"30":5,"31":5,"32":47,"33":2,"34":1,"35":2,"36":2,"37":1,"38":1,"39":1,"40":1,"41":47,"42":13,"43":13,"44":47,"45":47,"46":13,"47":13,"48":13,"49":47,"50":47,"51":0,"52":0,"53":47,"54":47,"55":1,"56":1,"57":45,"58":45,"59":45,"60":45,"61":45,"62":45,"63":45,"64":45,"65":45,"66":13,"67":13,"68":13,"69":13,"70":13,"71":13,"72":13,"73":13,"74":13,"75":13,"76":13,"77":13,"78":13,"79":13,"80":13,"81":13,"82":13,"83":13,"84":13,"85":13,"86":45,"87":45,"88":45,"89":45,"90":45,"91":45,"92":45,"93":17,"94":17,"95":17,"96":17,"97":17,"98":17,"99":17,"100":17,"101":45,"102":45,"103":20,"104":20,"105":20,"106":20,"107":20,"108":20,"109":5,"110":5,"111":15,"112":64,"113":64,"114":64,"115":24,"116":24,"117":40,"118":40,"119":40,"120":0,"121":0,"122":0,"123":15,"124":45},"branchMap":{"0":{"type":"branch","line":11,"loc":{"start":{"line":11,"column":7},"end":{"line":55,"column":1}},"locations":[{"start":{"line":11,"column":7},"end":{"line":55,"column":1}}]},"1":{"type":"branch","line":18,"loc":{"start":{"line":18,"column":2},"end":{"line":20,"column":3}},"locations":[{"start":{"line":18,"column":2},"end":{"line":20,"column":3}}]},"2":{"type":"branch","line":21,"loc":{"start":{"line":21,"column":2},"end":{"line":23,"column":3}},"locations":[{"start":{"line":21,"column":2},"end":{"line":23,"column":3}}]},"3":{"type":"branch","line":24,"loc":{"start":{"line":24,"column":2},"end":{"line":32,"column":3}},"locations":[{"start":{"line":24,"column":2},"end":{"line":32,"column":3}}]},"4":{"type":"branch","line":28,"loc":{"start":{"line":28,"column":27},"end":{"line":30,"column":5}},"locations":[{"start":{"line":28,"column":27},"end":{"line":30,"column":5}}]},"5":{"type":"branch","line":25,"loc":{"start":{"line":25,"column":44},"end":{"line":26,"column":46}},"locations":[{"start":{"line":25,"column":44},"end":{"line":26,"column":46}}]},"6":{"type":"branch","line":33,"loc":{"start":{"line":33,"column":2},"end":{"line":41,"column":3}},"locations":[{"start":{"line":33,"column":2},"end":{"line":41,"column":3}}]},"7":{"type":"branch","line":37,"loc":{"start":{"line":37,"column":27},"end":{"line":41,"column":3}},"locations":[{"start":{"line":37,"column":27},"end":{"line":41,"column":3}}]},"8":{"type":"branch","line":34,"loc":{"start":{"line":34,"column":44},"end":{"line":35,"column":39}},"locations":[{"start":{"line":34,"column":44},"end":{"line":35,"column":39}}]},"9":{"type":"branch","line":42,"loc":{"start":{"line":42,"column":2},"end":{"line":44,"column":3}},"locations":[{"start":{"line":42,"column":2},"end":{"line":44,"column":3}}]},"10":{"type":"branch","line":46,"loc":{"start":{"line":46,"column":12},"end":{"line":49,"column":3}},"locations":[{"start":{"line":46,"column":12},"end":{"line":49,"column":3}}]},"11":{"type":"branch","line":48,"loc":{"start":{"line":48,"column":27},"end":{"line":48,"column":48}},"locations":[{"start":{"line":48,"column":27},"end":{"line":48,"column":48}}]},"12":{"type":"branch","line":48,"loc":{"start":{"line":48,"column":41},"end":{"line":48,"column":53}},"locations":[{"start":{"line":48,"column":41},"end":{"line":48,"column":53}}]},"13":{"type":"branch","line":47,"loc":{"start":{"line":47,"column":33},"end":{"line":47,"column":77}},"locations":[{"start":{"line":47,"column":33},"end":{"line":47,"column":77}}]},"14":{"type":"branch","line":57,"loc":{"start":{"line":57,"column":7},"end":{"line":125,"column":1}},"locations":[{"start":{"line":57,"column":7},"end":{"line":125,"column":1}}]},"15":{"type":"branch","line":66,"loc":{"start":{"line":66,"column":2},"end":{"line":86,"column":3}},"locations":[{"start":{"line":66,"column":2},"end":{"line":86,"column":3}}]},"16":{"type":"branch","line":93,"loc":{"start":{"line":93,"column":12},"end":{"line":101,"column":3}},"locations":[{"start":{"line":93,"column":12},"end":{"line":101,"column":3}}]},"17":{"type":"branch","line":103,"loc":{"start":{"line":103,"column":12},"end":{"line":124,"column":3}},"locations":[{"start":{"line":103,"column":12},"end":{"line":124,"column":3}}]},"18":{"type":"branch","line":109,"loc":{"start":{"line":109,"column":9},"end":{"line":109,"column":54}},"locations":[{"start":{"line":109,"column":9},"end":{"line":109,"column":54}}]},"19":{"type":"branch","line":109,"loc":{"start":{"line":109,"column":54},"end":{"line":111,"column":5}},"locations":[{"start":{"line":109,"column":54},"end":{"line":111,"column":5}}]},"20":{"type":"branch","line":111,"loc":{"start":{"line":111,"column":4},"end":{"line":124,"column":3}},"locations":[{"start":{"line":111,"column":4},"end":{"line":124,"column":3}}]},"21":{"type":"branch","line":112,"loc":{"start":{"line":112,"column":27},"end":{"line":123,"column":7}},"locations":[{"start":{"line":112,"column":27},"end":{"line":123,"column":7}}]},"22":{"type":"branch","line":113,"loc":{"start":{"line":113,"column":21},"end":{"line":113,"column":62}},"locations":[{"start":{"line":113,"column":21},"end":{"line":113,"column":62}}]},"23":{"type":"branch","line":114,"loc":{"start":{"line":114,"column":21},"end":{"line":114,"column":62}},"locations":[{"start":{"line":114,"column":21},"end":{"line":114,"column":62}}]},"24":{"type":"branch","line":115,"loc":{"start":{"line":115,"column":27},"end":{"line":117,"column":7}},"locations":[{"start":{"line":115,"column":27},"end":{"line":117,"column":7}}]},"25":{"type":"branch","line":116,"loc":{"start":{"line":116,"column":28},"end":{"line":116,"column":41}},"locations":[{"start":{"line":116,"column":28},"end":{"line":116,"column":41}}]},"26":{"type":"branch","line":116,"loc":{"start":{"line":116,"column":37},"end":{"line":116,"column":43}},"locations":[{"start":{"line":116,"column":37},"end":{"line":116,"column":43}}]},"27":{"type":"branch","line":117,"loc":{"start":{"line":117,"column":6},"end":{"line":120,"column":7}},"locations":[{"start":{"line":117,"column":6},"end":{"line":120,"column":7}}]},"28":{"type":"branch","line":119,"loc":{"start":{"line":119,"column":28},"end":{"line":119,"column":40}},"locations":[{"start":{"line":119,"column":28},"end":{"line":119,"column":40}}]},"29":{"type":"branch","line":119,"loc":{"start":{"line":119,"column":36},"end":{"line":119,"column":43}},"locations":[{"start":{"line":119,"column":36},"end":{"line":119,"column":43}}]},"30":{"type":"branch","line":120,"loc":{"start":{"line":120,"column":6},"end":{"line":123,"column":7}},"locations":[{"start":{"line":120,"column":6},"end":{"line":123,"column":7}}]}},"b":{"0":[47],"1":[3],"2":[1],"3":[5],"4":[0],"5":[5],"6":[2],"7":[1],"8":[1],"9":[13],"10":[13],"11":[3],"12":[10],"13":[10],"14":[45],"15":[13],"16":[17],"17":[20],"18":[16],"19":[5],"20":[15],"21":[64],"22":[0],"23":[0],"24":[24],"25":[15],"26":[9],"27":[40],"28":[20],"29":[20],"30":[0]},"fnMap":{"0":{"name":"<instance_members_initializer>","decl":{"start":{"line":11,"column":7},"end":{"line":55,"column":1}},"loc":{"start":{"line":11,"column":7},"end":{"line":55,"column":1}},"line":11},"1":{"name":"insert","decl":{"start":{"line":18,"column":2},"end":{"line":20,"column":3}},"loc":{"start":{"line":18,"column":2},"end":{"line":20,"column":3}},"line":18},"2":{"name":"bulkInsert","decl":{"start":{"line":21,"column":2},"end":{"line":23,"column":3}},"loc":{"start":{"line":21,"column":2},"end":{"line":23,"column":3}},"line":21},"3":{"name":"update","decl":{"start":{"line":24,"column":2},"end":{"line":32,"column":3}},"loc":{"start":{"line":24,"column":2},"end":{"line":32,"column":3}},"line":24},"4":{"name":"delete","decl":{"start":{"line":33,"column":2},"end":{"line":41,"column":3}},"loc":{"start":{"line":33,"column":2},"end":{"line":41,"column":3}},"line":33},"5":{"name":"findById","decl":{"start":{"line":42,"column":2},"end":{"line":44,"column":3}},"loc":{"start":{"line":42,"column":2},"end":{"line":44,"column":3}},"line":42},"6":{"name":"_get","decl":{"start":{"line":46,"column":12},"end":{"line":49,"column":3}},"loc":{"start":{"line":46,"column":12},"end":{"line":49,"column":3}},"line":46},"7":{"name":"findAll","decl":{"start":{"line":51,"column":2},"end":{"line":53,"column":3}},"loc":{"start":{"line":51,"column":2},"end":{"line":53,"column":3}},"line":51},"8":{"name":"<instance_members_initializer>","decl":{"start":{"line":57,"column":7},"end":{"line":125,"column":1}},"loc":{"start":{"line":57,"column":7},"end":{"line":125,"column":1}},"line":57},"9":{"name":"search","decl":{"start":{"line":66,"column":2},"end":{"line":86,"column":3}},"loc":{"start":{"line":66,"column":2},"end":{"line":86,"column":3}},"line":66},"10":{"name":"applyPaginate","decl":{"start":{"line":93,"column":12},"end":{"line":101,"column":3}},"loc":{"start":{"line":93,"column":12},"end":{"line":101,"column":3}},"line":93},"11":{"name":"applySort","decl":{"start":{"line":103,"column":12},"end":{"line":124,"column":3}},"loc":{"start":{"line":103,"column":12},"end":{"line":124,"column":3}},"line":103}},"f":{"0":47,"1":3,"2":1,"3":5,"4":2,"5":13,"6":13,"7":0,"8":45,"9":13,"10":17,"11":20}}
,"/home/node/app/src/core/shared/infra/testing/helpers.ts": {"path":"/home/node/app/src/core/shared/infra/testing/helpers.ts","all":false,"statementMap":{"0":{"start":{"line":1,"column":0},"end":{"line":1,"column":37}},"1":{"start":{"line":2,"column":0},"end":{"line":2,"column":67}},"2":{"start":{"line":3,"column":0},"end":{"line":3,"column":0}},"3":{"start":{"line":4,"column":0},"end":{"line":4,"column":64}},"4":{"start":{"line":5,"column":0},"end":{"line":5,"column":28}},"5":{"start":{"line":6,"column":0},"end":{"line":6,"column":0}},"6":{"start":{"line":7,"column":0},"end":{"line":7,"column":25}},"7":{"start":{"line":8,"column":0},"end":{"line":8,"column":32}},"8":{"start":{"line":9,"column":0},"end":{"line":9,"column":21}},"9":{"start":{"line":10,"column":0},"end":{"line":10,"column":17}},"10":{"start":{"line":11,"column":0},"end":{"line":11,"column":7}},"11":{"start":{"line":12,"column":0},"end":{"line":12,"column":0}},"12":{"start":{"line":13,"column":0},"end":{"line":13,"column":43}},"13":{"start":{"line":14,"column":0},"end":{"line":14,"column":5}},"14":{"start":{"line":15,"column":0},"end":{"line":15,"column":0}},"15":{"start":{"line":16,"column":0},"end":{"line":16,"column":26}},"16":{"start":{"line":17,"column":0},"end":{"line":17,"column":43}},"17":{"start":{"line":18,"column":0},"end":{"line":18,"column":5}},"18":{"start":{"line":19,"column":0},"end":{"line":19,"column":0}},"19":{"start":{"line":20,"column":0},"end":{"line":20,"column":24}},"20":{"start":{"line":21,"column":0},"end":{"line":21,"column":29}},"21":{"start":{"line":22,"column":0},"end":{"line":22,"column":5}},"22":{"start":{"line":23,"column":0},"end":{"line":23,"column":0}},"23":{"start":{"line":24,"column":0},"end":{"line":24,"column":10}},"24":{"start":{"line":25,"column":0},"end":{"line":25,"column":21}},"25":{"start":{"line":26,"column":0},"end":{"line":26,"column":24}},"26":{"start":{"line":27,"column":0},"end":{"line":27,"column":5}},"27":{"start":{"line":28,"column":0},"end":{"line":28,"column":3}},"28":{"start":{"line":29,"column":0},"end":{"line":29,"column":1}}},"s":{"0":1,"1":1,"2":1,"3":1,"4":7,"5":7,"6":7,"7":7,"8":7,"9":7,"10":7,"11":7,"12":7,"13":7,"14":7,"15":7,"16":17,"17":17,"18":7,"19":7,"20":7,"21":7,"22":7,"23":7,"24":7,"25":0,"26":0,"27":7,"28":7},"branchMap":{"0":{"type":"branch","line":4,"loc":{"start":{"line":4,"column":7},"end":{"line":29,"column":1}},"locations":[{"start":{"line":4,"column":7},"end":{"line":29,"column":1}}]},"1":{"type":"branch","line":7,"loc":{"start":{"line":7,"column":12},"end":{"line":14,"column":5}},"locations":[{"start":{"line":7,"column":12},"end":{"line":14,"column":5}}]},"2":{"type":"branch","line":16,"loc":{"start":{"line":16,"column":13},"end":{"line":18,"column":5}},"locations":[{"start":{"line":16,"column":13},"end":{"line":18,"column":5}}]},"3":{"type":"branch","line":20,"loc":{"start":{"line":20,"column":11},"end":{"line":22,"column":5}},"locations":[{"start":{"line":20,"column":11},"end":{"line":22,"column":5}}]}},"b":{"0":[7],"1":[7],"2":[17],"3":[7]},"fnMap":{"0":{"name":"setupSequelize","decl":{"start":{"line":4,"column":7},"end":{"line":29,"column":1}},"loc":{"start":{"line":4,"column":7},"end":{"line":29,"column":1}},"line":4},"1":{"name":"get sequelize","decl":{"start":{"line":25,"column":4},"end":{"line":27,"column":5}},"loc":{"start":{"line":25,"column":4},"end":{"line":27,"column":5}},"line":25}},"f":{"0":7,"1":0}}
,"/home/node/app/src/core/tenant/application/use-case/common/tenant-output.ts": {"path":"/home/node/app/src/core/tenant/application/use-case/common/tenant-output.ts","all":false,"statementMap":{"0":{"start":{"line":1,"column":0},"end":{"line":1,"column":55}},"1":{"start":{"line":2,"column":0},"end":{"line":2,"column":0}},"2":{"start":{"line":3,"column":0},"end":{"line":3,"column":28}},"3":{"start":{"line":4,"column":0},"end":{"line":4,"column":13}},"4":{"start":{"line":5,"column":0},"end":{"line":5,"column":15}},"5":{"start":{"line":6,"column":0},"end":{"line":6,"column":29}},"6":{"start":{"line":7,"column":0},"end":{"line":7,"column":21}},"7":{"start":{"line":8,"column":0},"end":{"line":8,"column":19}},"8":{"start":{"line":9,"column":0},"end":{"line":9,"column":19}},"9":{"start":{"line":10,"column":0},"end":{"line":10,"column":2}},"10":{"start":{"line":11,"column":0},"end":{"line":11,"column":0}},"11":{"start":{"line":12,"column":0},"end":{"line":12,"column":33}},"12":{"start":{"line":13,"column":0},"end":{"line":13,"column":49}},"13":{"start":{"line":14,"column":0},"end":{"line":14,"column":57}},"14":{"start":{"line":15,"column":0},"end":{"line":15,"column":0}},"15":{"start":{"line":16,"column":0},"end":{"line":16,"column":12}},"16":{"start":{"line":17,"column":0},"end":{"line":17,"column":30}},"17":{"start":{"line":18,"column":0},"end":{"line":18,"column":20}},"18":{"start":{"line":19,"column":0},"end":{"line":19,"column":6}},"19":{"start":{"line":20,"column":0},"end":{"line":20,"column":3}},"20":{"start":{"line":21,"column":0},"end":{"line":21,"column":1}}},"s":{"0":1,"1":1,"2":1,"3":1,"4":1,"5":1,"6":1,"7":1,"8":1,"9":1,"10":1,"11":1,"12":1,"13":88,"14":88,"15":88,"16":88,"17":88,"18":88,"19":88,"20":1},"branchMap":{"0":{"type":"branch","line":13,"loc":{"start":{"line":13,"column":9},"end":{"line":20,"column":3}},"locations":[{"start":{"line":13,"column":9},"end":{"line":20,"column":3}}]}},"b":{"0":[88]},"fnMap":{"0":{"name":"toOutput","decl":{"start":{"line":13,"column":9},"end":{"line":20,"column":3}},"loc":{"start":{"line":13,"column":9},"end":{"line":20,"column":3}},"line":13}},"f":{"0":88}}
,"/home/node/app/src/core/tenant/application/use-case/create-tenant/create-tenant.use-case.ts": {"path":"/home/node/app/src/core/tenant/application/use-case/create-tenant/create-tenant.use-case.ts","all":false,"statementMap":{"0":{"start":{"line":1,"column":0},"end":{"line":1,"column":77}},"1":{"start":{"line":2,"column":0},"end":{"line":2,"column":55}},"2":{"start":{"line":3,"column":0},"end":{"line":3,"column":70}},"3":{"start":{"line":4,"column":0},"end":{"line":4,"column":75}},"4":{"start":{"line":5,"column":0},"end":{"line":5,"column":58}},"5":{"start":{"line":6,"column":0},"end":{"line":6,"column":0}},"6":{"start":{"line":7,"column":0},"end":{"line":7,"column":93}},"7":{"start":{"line":8,"column":0},"end":{"line":8,"column":0}},"8":{"start":{"line":9,"column":0},"end":{"line":9,"column":65}},"9":{"start":{"line":10,"column":0},"end":{"line":10,"column":0}},"10":{"start":{"line":11,"column":0},"end":{"line":11,"column":0}},"11":{"start":{"line":12,"column":0},"end":{"line":12,"column":72}},"12":{"start":{"line":13,"column":0},"end":{"line":13,"column":40}},"13":{"start":{"line":14,"column":0},"end":{"line":14,"column":41}},"14":{"start":{"line":15,"column":0},"end":{"line":15,"column":4}},"15":{"start":{"line":16,"column":0},"end":{"line":16,"column":6}},"16":{"start":{"line":17,"column":0},"end":{"line":17,"column":100}},"17":{"start":{"line":18,"column":0},"end":{"line":18,"column":101}},"18":{"start":{"line":19,"column":0},"end":{"line":19,"column":104}},"19":{"start":{"line":20,"column":0},"end":{"line":20,"column":6}},"20":{"start":{"line":21,"column":0},"end":{"line":21,"column":47}},"21":{"start":{"line":22,"column":0},"end":{"line":22,"column":3}},"22":{"start":{"line":23,"column":0},"end":{"line":23,"column":1}},"23":{"start":{"line":24,"column":0},"end":{"line":24,"column":0}},"24":{"start":{"line":25,"column":0},"end":{"line":25,"column":0}},"25":{"start":{"line":26,"column":0},"end":{"line":26,"column":46}}},"s":{"0":1,"1":1,"2":1,"3":1,"4":1,"5":1,"6":1,"7":18,"8":18,"9":18,"10":18,"11":18,"12":11,"13":11,"14":11,"15":11,"16":11,"17":11,"18":11,"19":11,"20":11,"21":11,"22":18,"23":1,"24":1,"25":1},"branchMap":{"0":{"type":"branch","line":7,"loc":{"start":{"line":7,"column":7},"end":{"line":23,"column":1}},"locations":[{"start":{"line":7,"column":7},"end":{"line":23,"column":1}}]},"1":{"type":"branch","line":9,"loc":{"start":{"line":9,"column":2},"end":{"line":9,"column":65}},"locations":[{"start":{"line":9,"column":2},"end":{"line":9,"column":65}}]},"2":{"type":"branch","line":12,"loc":{"start":{"line":12,"column":2},"end":{"line":22,"column":3}},"locations":[{"start":{"line":12,"column":2},"end":{"line":22,"column":3}}]}},"b":{"0":[18],"1":[18],"2":[11]},"fnMap":{"0":{"name":"<instance_members_initializer>","decl":{"start":{"line":7,"column":7},"end":{"line":23,"column":1}},"loc":{"start":{"line":7,"column":7},"end":{"line":23,"column":1}},"line":7},"1":{"name":"CreateTenantUseCase","decl":{"start":{"line":9,"column":2},"end":{"line":9,"column":65}},"loc":{"start":{"line":9,"column":2},"end":{"line":9,"column":65}},"line":9},"2":{"name":"execute","decl":{"start":{"line":12,"column":2},"end":{"line":22,"column":3}},"loc":{"start":{"line":12,"column":2},"end":{"line":22,"column":3}},"line":12}},"f":{"0":18,"1":18,"2":11}}
,"/home/node/app/src/core/tenant/application/use-case/delete-tenant/delete-tenant.use-case.ts": {"path":"/home/node/app/src/core/tenant/application/use-case/delete-tenant/delete-tenant.use-case.ts","all":false,"statementMap":{"0":{"start":{"line":1,"column":0},"end":{"line":1,"column":77}},"1":{"start":{"line":2,"column":0},"end":{"line":2,"column":71}},"2":{"start":{"line":3,"column":0},"end":{"line":3,"column":70}},"3":{"start":{"line":4,"column":0},"end":{"line":4,"column":58}},"4":{"start":{"line":5,"column":0},"end":{"line":5,"column":0}},"5":{"start":{"line":6,"column":0},"end":{"line":6,"column":92}},"6":{"start":{"line":7,"column":0},"end":{"line":7,"column":0}},"7":{"start":{"line":8,"column":0},"end":{"line":8,"column":65}},"8":{"start":{"line":9,"column":0},"end":{"line":9,"column":2}},"9":{"start":{"line":10,"column":0},"end":{"line":10,"column":72}},"10":{"start":{"line":11,"column":0},"end":{"line":11,"column":36}},"11":{"start":{"line":12,"column":0},"end":{"line":12,"column":39}},"12":{"start":{"line":13,"column":0},"end":{"line":13,"column":4}},"13":{"start":{"line":14,"column":0},"end":{"line":14,"column":3}},"14":{"start":{"line":15,"column":0},"end":{"line":15,"column":1}},"15":{"start":{"line":16,"column":0},"end":{"line":16,"column":0}},"16":{"start":{"line":17,"column":0},"end":{"line":17,"column":38}}},"s":{"0":1,"1":1,"2":1,"3":1,"4":1,"5":1,"6":21,"7":21,"8":21,"9":21,"10":6,"11":6,"12":3,"13":3,"14":21,"15":1,"16":1},"branchMap":{"0":{"type":"branch","line":6,"loc":{"start":{"line":6,"column":7},"end":{"line":15,"column":1}},"locations":[{"start":{"line":6,"column":7},"end":{"line":15,"column":1}}]},"1":{"type":"branch","line":8,"loc":{"start":{"line":8,"column":2},"end":{"line":8,"column":65}},"locations":[{"start":{"line":8,"column":2},"end":{"line":8,"column":65}}]},"2":{"type":"branch","line":10,"loc":{"start":{"line":10,"column":2},"end":{"line":14,"column":3}},"locations":[{"start":{"line":10,"column":2},"end":{"line":14,"column":3}}]},"3":{"type":"branch","line":12,"loc":{"start":{"line":12,"column":33},"end":{"line":14,"column":3}},"locations":[{"start":{"line":12,"column":33},"end":{"line":14,"column":3}}]}},"b":{"0":[21],"1":[21],"2":[6],"3":[3]},"fnMap":{"0":{"name":"<instance_members_initializer>","decl":{"start":{"line":6,"column":7},"end":{"line":15,"column":1}},"loc":{"start":{"line":6,"column":7},"end":{"line":15,"column":1}},"line":6},"1":{"name":"DeleteTenantUseCase","decl":{"start"
[...]
end":{"line":52,"column":59}},"locations":[{"start":{"line":52,"column":57},"end":{"line":52,"column":59}}]},"7":{"type":"branch","line":68,"loc":{"start":{"line":68,"column":44},"end":{"line":68,"column":45}},"locations":[{"start":{"line":68,"column":44},"end":{"line":68,"column":45}}]},"8":{"type":"branch","line":29,"loc":{"start":{"line":29,"column":7},"end":{"line":88,"column":1}},"locations":[{"start":{"line":29,"column":7},"end":{"line":88,"column":1}}]},"9":{"type":"branch","line":45,"loc":{"start":{"line":45,"column":2},"end":{"line":49,"column":3}},"locations":[{"start":{"line":45,"column":2},"end":{"line":49,"column":3}}]},"10":{"type":"branch","line":51,"loc":{"start":{"line":51,"column":2},"end":{"line":55,"column":3}},"locations":[{"start":{"line":51,"column":2},"end":{"line":55,"column":3}}]},"11":{"type":"branch","line":57,"loc":{"start":{"line":57,"column":2},"end":{"line":63,"column":3}},"locations":[{"start":{"line":57,"column":2},"end":{"line":63,"column":3}}]},"12":{"type":"branch","line":65,"loc":{"start":{"line":65,"column":2},"end":{"line":75,"column":3}},"locations":[{"start":{"line":65,"column":2},"end":{"line":75,"column":3}}]},"13":{"type":"branch","line":79,"loc":{"start":{"line":79,"column":2},"end":{"line":83,"column":3}},"locations":[{"start":{"line":79,"column":2},"end":{"line":83,"column":3}}]},"14":{"type":"branch","line":85,"loc":{"start":{"line":85,"column":9},"end":{"line":87,"column":3}},"locations":[{"start":{"line":85,"column":9},"end":{"line":87,"column":3}}]}},"b":{"0":[0],"1":[0],"2":[0],"3":[0],"4":[0],"5":[0],"6":[0],"7":[0],"8":[21],"9":[6],"10":[6],"11":[2],"12":[4],"13":[3],"14":[12]},"fnMap":{"0":{"name":"<instance_members_initializer>","decl":{"start":{"line":29,"column":7},"end":{"line":88,"column":1}},"loc":{"start":{"line":29,"column":7},"end":{"line":88,"column":1}},"line":29},"1":{"name":"create","decl":{"start":{"line":45,"column":2},"end":{"line":49,"column":3}},"loc":{"start":{"line":45,"column":2},"end":{"line":49,"column":3}},"line":45},"2":{"name":"search","decl":{"start":{"line":51,"column":2},"end":{"line":55,"column":3}},"loc":{"start":{"line":51,"column":2},"end":{"line":55,"column":3}},"line":51},"3":{"name":"findOne","decl":{"start":{"line":57,"column":2},"end":{"line":63,"column":3}},"loc":{"start":{"line":57,"column":2},"end":{"line":63,"column":3}},"line":57},"4":{"name":"update","decl":{"start":{"line":65,"column":2},"end":{"line":75,"column":3}},"loc":{"start":{"line":65,"column":2},"end":{"line":75,"column":3}},"line":65},"5":{"name":"remove","decl":{"start":{"line":79,"column":2},"end":{"line":83,"column":3}},"loc":{"start":{"line":79,"column":2},"end":{"line":83,"column":3}},"line":79},"6":{"name":"serialize","decl":{"start":{"line":85,"column":9},"end":{"line":87,"column":3}},"loc":{"start":{"line":85,"column":9},"end":{"line":87,"column":3}},"line":85}},"f":{"0":21,"1":6,"2":6,"3":2,"4":4,"5":3,"6":12}}
,"/home/node/app/src/nest-modules/tenants-module/tenants.module.ts": {"path":"/home/node/app/src/nest-modules/tenants-module/tenants.module.ts","all":false,"statementMap":{"0":{"start":{"line":1,"column":0},"end":{"line":1,"column":52}},"1":{"start":{"line":2,"column":0},"end":{"line":2,"column":40}},"2":{"start":{"line":3,"column":0},"end":{"line":3,"column":57}},"3":{"start":{"line":4,"column":0},"end":{"line":4,"column":75}},"4":{"start":{"line":5,"column":0},"end":{"line":5,"column":55}},"5":{"start":{"line":6,"column":0},"end":{"line":6,"column":0}},"6":{"start":{"line":7,"column":0},"end":{"line":7,"column":9}},"7":{"start":{"line":8,"column":0},"end":{"line":8,"column":55}},"8":{"start":{"line":9,"column":0},"end":{"line":9,"column":35}},"9":{"start":{"line":10,"column":0},"end":{"line":10,"column":14}},"10":{"start":{"line":11,"column":0},"end":{"line":11,"column":52}},"11":{"start":{"line":12,"column":0},"end":{"line":12,"column":49}},"12":{"start":{"line":13,"column":0},"end":{"line":13,"column":4}},"13":{"start":{"line":14,"column":0},"end":{"line":14,"column":2}},"14":{"start":{"line":15,"column":0},"end":{"line":15,"column":29}}},"s":{"0":1,"1":1,"2":1,"3":1,"4":1,"5":1,"6":1,"7":1,"8":1,"9":1,"10":1,"11":1,"12":1,"13":1,"14":1},"branchMap":{},"b":{},"fnMap":{},"f":{}}
,"/home/node/app/src/nest-modules/tenants-module/tenants.presenter.ts": {"path":"/home/node/app/src/nest-modules/tenants-module/tenants.presenter.ts","all":false,"statementMap":{"0":{"start":{"line":1,"column":0},"end":{"line":1,"column":86}},"1":{"start":{"line":2,"column":0},"end":{"line":2,"column":105}},"2":{"start":{"line":3,"column":0},"end":{"line":3,"column":46}},"3":{"start":{"line":4,"column":0},"end":{"line":4,"column":76}},"4":{"start":{"line":5,"column":0},"end":{"line":5,"column":0}},"5":{"start":{"line":6,"column":0},"end":{"line":6,"column":30}},"6":{"start":{"line":7,"column":0},"end":{"line":7,"column":13}},"7":{"start":{"line":8,"column":0},"end":{"line":8,"column":15}},"8":{"start":{"line":9,"column":0},"end":{"line":9,"column":22}},"9":{"start":{"line":10,"column":0},"end":{"line":10,"column":21}},"10":{"start":{"line":11,"column":0},"end":{"line":11,"column":65}},"11":{"start":{"line":12,"column":0},"end":{"line":12,"column":19}},"12":{"start":{"line":13,"column":0},"end":{"line":13,"column":65}},"13":{"start":{"line":14,"column":0},"end":{"line":14,"column":19}},"14":{"start":{"line":15,"column":0},"end":{"line":15,"column":0}},"15":{"start":{"line":16,"column":0},"end":{"line":16,"column":37}},"16":{"start":{"line":17,"column":0},"end":{"line":17,"column":24}},"17":{"start":{"line":18,"column":0},"end":{"line":18,"column":28}},"18":{"start":{"line":19,"column":0},"end":{"line":19,"column":42}},"19":{"start":{"line":20,"column":0},"end":{"line":20,"column":38}},"20":{"start":{"line":21,"column":0},"end":{"line":21,"column":40}},"21":{"start":{"line":22,"column":0},"end":{"line":22,"column":40}},"22":{"start":{"line":23,"column":0},"end":{"line":23,"column":3}},"23":{"start":{"line":24,"column":0},"end":{"line":24,"column":1}},"24":{"start":{"line":25,"column":0},"end":{"line":25,"column":0}},"25":{"start":{"line":26,"column":0},"end":{"line":26,"column":68}},"26":{"start":{"line":27,"column":0},"end":{"line":27,"column":26}},"27":{"start":{"line":28,"column":0},"end":{"line":28,"column":0}},"28":{"start":{"line":29,"column":0},"end":{"line":29,"column":42}},"29":{"start":{"line":30,"column":0},"end":{"line":30,"column":49}},"30":{"start":{"line":31,"column":0},"end":{"line":31,"column":27}},"31":{"start":{"line":32,"column":0},"end":{"line":32,"column":63}},"32":{"start":{"line":33,"column":0},"end":{"line":33,"column":3}},"33":{"start":{"line":34,"column":0},"end":{"line":34,"column":1}}},"s":{"0":1,"1":1,"2":1,"3":1,"4":1,"5":1,"6":47,"7":47,"8":47,"9":47,"10":47,"11":47,"12":47,"13":47,"14":47,"15":47,"16":47,"17":47,"18":47,"19":47,"20":47,"21":47,"22":47,"23":47,"24":1,"25":1,"26":12,"27":12,"28":12,"29":12,"30":12,"31":12,"32":12,"33":12},"branchMap":{"0":{"type":"branch","line":12,"loc":{"start":{"line":12,"column":14},"end":{"line":12,"column":19}},"locations":[{"start":{"line":12,"column":14},"end":{"line":12,"column":19}}]},"1":{"type":"branch","line":14,"loc":{"start":{"line":14,"column":14},"end":{"line":14,"column":19}},"locations":[{"start":{"line":14,"column":14},"end":{"line":14,"column":19}}]},"2":{"type":"branch","line":6,"loc":{"start":{"line":6,"column":7},"end":{"line":24,"column":1}},"locations":[{"start":{"line":6,"column":7},"end":{"line":24,"column":1}}]},"3":{"type":"branch","line":16,"loc":{"start":{"line":16,"column":2},"end":{"line":23,"column":3}},"locations":[{"start":{"line":16,"column":2},"end":{"line":23,"column":3}}]},"4":{"type":"branch","line":26,"loc":{"start":{"line":26,"column":7},"end":{"line":34,"column":1}},"locations":[{"start":{"line":26,"column":7},"end":{"line":34,"column":1}}]},"5":{"type":"branch","line":29,"loc":{"start":{"line":29,"column":2},"end":{"line":33,"column":3}},"locations":[{"start":{"line":29,"column":2},"end":{"line":33,"column":3}}]},"6":{"type":"branch","line":32,"loc":{"start":{"line":32,"column":26},"end":{"line":32,"column":63}},"locations":[{"start":{"line":32,"column":26},"end":{"line":32,"column":63}}]}},"b":{"0":[0],"1":[0],"2":[47],"3":[47],"4":[12],"5":[12],"6":[24]},"fnMap":{"0":{"name":"<instance_members_initializer>","decl":{"start":{"line":6,"column":7},"end":{"line":24,"column":1}},"loc":{"start":{"line":6,"column":7},"end":{"line":24,"column":1}},"line":6},"1":{"name":"TenantPresenter","decl":{"start":{"line":16,"column":2},"end":{"line":23,"column":3}},"loc":{"start":{"line":16,"column":2},"end":{"line":23,"column":3}},"line":16},"2":{"name":"<instance_members_initializer>","decl":{"start":{"line":26,"column":7},"end":{"line":34,"column":1}},"loc":{"start":{"line":26,"column":7},"end":{"line":34,"column":1}},"line":26},"3":{"name":"TenantCollectionPresenter","decl":{"start":{"line":29,"column":2},"end":{"line":33,"column":3}},"loc":{"start":{"line":29,"column":2},"end":{"line":33,"column":3}},"line":29}},"f":{"0":47,"1":47,"2":12,"3":12}}
,"/home/node/app/src/nest-modules/tenants-module/tenants.providers.ts": {"path":"/home/node/app/src/nest-modules/tenants-module/tenants.providers.ts","all":false,"statementMap":{"0":{"start":{"line":1,"column":0},"end":{"line":1,"column":109}},"1":{"start":{"line":2,"column":0},"end":{"line":2,"column":110}},"2":{"start":{"line":3,"column":0},"end":{"line":3,"column":104}},"3":{"start":{"line":4,"column":0},"end":{"line":4,"column":75}},"4":{"start":{"line":5,"column":0},"end":{"line":5,"column":50}},"5":{"start":{"line":6,"column":0},"end":{"line":6,"column":74}},"6":{"start":{"line":7,"column":0},"end":{"line":7,"column":109}},"7":{"start":{"line":8,"column":0},"end":{"line":8,"column":106}},"8":{"start":{"line":9,"column":0},"end":{"line":9,"column":100}},"9":{"start":{"line":10,"column":0},"end":{"line":10,"column":109}},"10":{"start":{"line":11,"column":0},"end":{"line":11,"column":0}},"11":{"start":{"line":12,"column":0},"end":{"line":12,"column":29}},"12":{"start":{"line":13,"column":0},"end":{"line":13,"column":22}},"13":{"start":{"line":14,"column":0},"end":{"line":14,"column":32}},"14":{"start":{"line":15,"column":0},"end":{"line":15,"column":43}},"15":{"start":{"line":16,"column":0},"end":{"line":16,"column":4}},"16":{"start":{"line":17,"column":0},"end":{"line":17,"column":32}},"17":{"start":{"line":18,"column":0},"end":{"line":18,"column":38}},"18":{"start":{"line":19,"column":0},"end":{"line":19,"column":39}},"19":{"start":{"line":20,"column":0},"end":{"line":20,"column":4}},"20":{"start":{"line":21,"column":0},"end":{"line":21,"column":32}},"21":{"start":{"line":22,"column":0},"end":{"line":22,"column":39}},"22":{"start":{"line":23,"column":0},"end":{"line":23,"column":54}},"23":{"start":{"line":24,"column":0},"end":{"line":24,"column":56}},"24":{"start":{"line":25,"column":0},"end":{"line":25,"column":6}},"25":{"start":{"line":26,"column":0},"end":{"line":26,"column":41}},"26":{"start":{"line":27,"column":0},"end":{"line":27,"column":4}},"27":{"start":{"line":28,"column":0},"end":{"line":28,"column":2}},"28":{"start":{"line":29,"column":0},"end":{"line":29,"column":0}},"29":{"start":{"line":30,"column":0},"end":{"line":30,"column":26}},"30":{"start":{"line":31,"column":0},"end":{"line":31,"column":27}},"31":{"start":{"line":32,"column":0},"end":{"line":32,"column":33}},"32":{"start":{"line":33,"column":0},"end":{"line":33,"column":52}},"33":{"start":{"line":34,"column":0},"end":{"line":34,"column":49}},"34":{"start":{"line":35,"column":0},"end":{"line":35,"column":6}},"35":{"start":{"line":36,"column":0},"end":{"line":36,"column":53}},"36":{"start":{"line":37,"column":0},"end":{"line":37,"column":4}},"37":{"start":{"line":38,"column":0},"end":{"line":38,"column":29}},"38":{"start":{"line":39,"column":0},"end":{"line":39,"column":33}},"39":{"start":{"line":40,"column":0},"end":{"line":40,"column":52}},"40":{"start":{"line":41,"column":0},"end":{"line":41,"column":49}},"41":{"start":{"line":42,"column":0},"end":{"line":42,"column":6}},"42":{"start":{"line":43,"column":0},"end":{"line":43,"column":53}},"43":{"start":{"line":44,"column":0},"end":{"line":44,"column":4}},"44":{"start":{"line":45,"column":0},"end":{"line":45,"column":26}},"45":{"start":{"line":46,"column":0},"end":{"line":46,"column":32}},"46":{"start":{"line":47,"column":0},"end":{"line":47,"column":53}},"47":{"start":{"line":48,"column":0},"end":{"line":48,"column":49}},"48":{"start":{"line":49,"column":0},"end":{"line":49,"column":6}},"49":{"start":{"line":50,"column":0},"end":{"line":50,"column":53}},"50":{"start":{"line":51,"column":0},"end":{"line":51,"column":4}},"51":{"start":{"line":52,"column":0},"end":{"line":52,"column":24}},"52":{"start":{"line":53,"column":0},"end":{"line":53,"column":30}},"53":{"start":{"line":54,"column":0},"end":{"line":54,"column":52}},"54":{"start":{"line":55,"column":0},"end":{"line":55,"column":46}},"55":{"start":{"line":56,"column":0},"end":{"line":56,"column":6}},"56":{"start":{"line":57,"column":0},"end":{"line":57,"column":53}},"57":{"start":{"line":58,"column":0},"end":{"line":58,"column":4}},"58":{"start":{"line":59,"column":0},"end":{"line":59,"column":27}},"59":{"start":{"line":60,"column":0},"end":{"line":60,"column":33}},"60":{"start":{"line":61,"column":0},"end":{"line":61,"column":52}},"61":{"start":{"line":62,"column":0},"end":{"line":62,"column":49}},"62":{"start":{"line":63,"column":0},"end":{"line":63,"column":6}},"63":{"start":{"line":64,"column":0},"end":{"line":64,"column":53}},"64":{"start":{"line":65,"column":0},"end":{"line":65,"column":4}},"65":{"start":{"line":66,"column":0},"end":{"line":66,"column":2}},"66":{"start":{"line":67,"column":0},"end":{"line":67,"column":0}},"67":{"start":{"line":68,"column":0},"end":{"line":68,"column":31}},"68":{"start":{"line":69,"column":0},"end":{"line":69,"column":48}},"69":{"start":{"line":70,"column":0},"end":{"line":70,"column":51}},"70":{"start":{"line":71,"column":0},"end":{"line":71,"column":59}},"71":{"start":{"line":72,"column":0},"end":{"line":72,"column":72}},"72":{"start":{"line":73,"column":0},"end":{"line":73,"column":9}},"73":{"start":{"line":74,"column":0},"end":{"line":74,"column":58}},"74":{"start":{"line":75,"column":0},"end":{"line":75,"column":7}},"75":{"start":{"line":76,"column":0},"end":{"line":76,"column":5}},"76":{"start":{"line":77,"column":0},"end":{"line":77,"column":0}},"77":{"start":{"line":78,"column":0},"end":{"line":78,"column":33}},"78":{"start":{"line":79,"column":0},"end":{"line":79,"column":15}},"79":{"start":{"line":80,"column":0},"end":{"line":80,"column":12}},"80":{"start":{"line":81,"column":0},"end":{"line":81,"column":16}},"81":{"start":{"line":82,"column":0},"end":{"line":82,"column":2}}},"s":{"0":1,"1":1,"2":1,"3":1,"4":1,"5":1,"6":1,"7":1,"8":1,"9":1,"10":1,"11":1,"12":1,"13":1,"14":1,"15":1,"16":1,"17":1,"18":1,"19":1,"20":1,"21":1,"22":1,"23":16,"24":16,"25":1,"26":1,"27":1,"28":1,"29":1,"30":1,"31":1,"32":1,"33":16,"34":16,"35":1,"36":1,"37":1,"38":1,"39":1,"40":16,"41":16,"42":1,"43":1,"44":1,"45":1,"46":1,"47":16,"48":16,"49":1,"50":1,"51":1,"52":1,"53":1,"54":16,"55":16,"56":1,"57":1,"58":1,"59":1,"60":1,"61":16,"62":16,"63":1,"64":1,"65":1,"66":1,"67":1,"68":1,"69":1,"70":1,"71":1,"72":1,"73":1,"74":1,"75":1,"76":1,"77":1,"78":1,"79":1,"80":1,"81":1},"branchMap":{"0":{"type":"branch","line":23,"loc":{"start":{"line":23,"column":16},"end":{"line":25,"column":6}},"locations":[{"start":{"line":23,"column":16},"end":{"line":25,"column":6}}]},"1":{"type":"branch","line":33,"loc":{"start":{"line":33,"column":16},"end":{"line":35,"column":6}},"locations":[{"start":{"line":33,"column":16},"end":{"line":35,"column":6}}]},"2":{"type":"branch","line":40,"loc":{"start":{"line":40,"column":16},"end":{"line":42,"column":6}},"locations":[{"start":{"line":40,"column":16},"end":{"line":42,"column":6}}]},"3":{"type":"branch","line":47,"loc":{"start":{"line":47,"column":16},"end":{"line":49,"column":6}},"locations":[{"start":{"line":47,"column":16},"end":{"line":49,"column":6}}]},"4":{"type":"branch","line":54,"loc":{"start":{"line":54,"column":16},"end":{"line":56,"column":6}},"locations":[{"start":{"line":54,"column":16},"end":{"line":56,"column":6}}]},"5":{"type":"branch","line":61,"loc":{"start":{"line":61,"column":16},"end":{"line":63,"column":6}},"locations":[{"start":{"line":61,"column":16},"end":{"line":63,"column":6}}]}},"b":{"0":[16],"1":[16],"2":[16],"3":[16],"4":[16],"5":[16]},"fnMap":{"0":{"name":"useFactory","decl":{"start":{"line":23,"column":16},"end":{"line":25,"column":6}},"loc":{"start":{"line":23,"column":16},"end":{"line":25,"column":6}},"line":23},"1":{"name":"useFactory","decl":{"start":{"line":33,"column":16},"end":{"line":35,"column":6}},"loc":{"start":{"line":33,"column":16},"end":{"line":35,"column":6}},"line":33},"2":{"name":"useFactory","decl":{"start":{"line":40,"column":16},"end":{"line":42,"column":6}},"loc":{"start":{"line":40,"column":16},"end":{"line":42,"column":6}},"line":40},"3":{"name":"useFactory","decl":{"start":{"line":47,"column":16},"end":{"line":49,"column":6}},"loc":{"start":{"line":47,"column":16},"end":{"line":49,"column":6}},"line":47},"4":{"name":"useFactory","decl":{"start":{"line":54,"column":16},"end":{"line":56,"column":6}},"loc":{"start":{"line":54,"column":16},"end":{"line":56,"column":6}},"line":54},"5":{"name":"useFactory","decl":{"start":{"line":61,"column":16},"end":{"line":63,"column":6}},"loc":{"start":{"line":61,"column":16},"end":{"line":63,"column":6}},"line":61}},"f":{"0":16,"1":16,"2":16,"3":16,"4":16,"5":16}}
,"/home/node/app/src/nest-modules/tenants-module/dto/create-tenant.dto.ts": {"path":"/home/node/app/src/nest-modules/tenants-module/dto/create-tenant.dto.ts","all":false,"statementMap":{"0":{"start":{"line":1,"column":0},"end":{"line":1,"column":104}},"1":{"start":{"line":2,"column":0},"end":{"line":2,"column":0}},"2":{"start":{"line":3,"column":0},"end":{"line":3,"column":57}}},"s":{"0":1,"1":1,"2":1},"branchMap":{},"b":{},"fnMap":{},"f":{}}
,"/home/node/app/src/nest-modules/tenants-module/dto/search-tenants.dto.ts": {"path":"/home/node/app/src/nest-modules/tenants-module/dto/search-tenants.dto.ts","all":false,"statementMap":{"0":{"start":{"line":1,"column":0},"end":{"line":1,"column":77}},"1":{"start":{"line":2,"column":0},"end":{"line":2,"column":101}},"2":{"start":{"line":3,"column":0},"end":{"line":3,"column":0}},"3":{"start":{"line":4,"column":0},"end":{"line":4,"column":59}},"4":{"start":{"line":5,"column":0},"end":{"line":5,"column":16}},"5":{"start":{"line":6,"column":0},"end":{"line":6,"column":20}},"6":{"start":{"line":7,"column":0},"end":{"line":7,"column":16}},"7":{"start":{"line":8,"column":0},"end":{"line":8,"column":27}},"8":{"start":{"line":9,"column":0},"end":{"line":9,"column":18}},"9":{"start":{"line":10,"column":0},"end":{"line":10,"column":1}}},"s":{"0":1,"1":1,"2":1,"3":1,"4":0,"5":0,"6":0,"7":0,"8":0,"9":0},"branchMap":{},"b":{},"fnMap":{"0":{"name":"<instance_members_initializer>","decl":{"start":{"line":4,"column":7},"end":{"line":10,"column":1}},"loc":{"start":{"line":4,"column":7},"end":{"line":10,"column":1}},"line":4}},"f":{"0":0}}
,"/home/node/app/src/nest-modules/tenants-module/dto/update-tenant.dto.ts": {"path":"/home/node/app/src/nest-modules/tenants-module/dto/update-tenant.dto.ts","all":false,"statementMap":{"0":{"start":{"line":1,"column":0},"end":{"line":1,"column":104}},"1":{"start":{"line":2,"column":0},"end":{"line":2,"column":48}},"2":{"start":{"line":3,"column":0},"end":{"line":3,"column":0}},"3":{"start":{"line":4,"column":0},"end":{"line":4,"column":77}},"4":{"start":{"line":5,"column":0},"end":{"line":5,"column":7}},"5":{"start":{"line":6,"column":0},"end":{"line":6,"column":14}},"6":{"start":{"line":7,"column":0},"end":{"line":7,"column":0}},"7":{"start":{"line":8,"column":0},"end":{"line":8,"column":66}}},"s":{"0":1,"1":1,"2":1,"3":1,"4":1,"5":1,"6":1,"7":1},"branchMap":{},"b":{},"fnMap":{},"f":{}}
}
