TN:
SF:src/app.module.ts
FN:1,(empty-report)
FNF:1
FNH:0
FNDA:0,(empty-report)
DA:1,0
DA:2,0
DA:3,0
DA:4,0
DA:5,0
DA:6,0
DA:7,0
DA:8,0
DA:9,0
DA:10,0
LF:10
LH:0
BRDA:1,0,0,0
BRF:1
BRH:0
end_of_record
TN:
SF:src/main.ts
FN:1,(empty-report)
FNF:1
FNH:0
FNDA:0,(empty-report)
DA:1,0
DA:2,0
DA:3,0
DA:4,0
DA:5,0
DA:6,0
DA:7,0
DA:8,0
DA:9,0
DA:10,0
DA:11,0
DA:12,0
LF:12
LH:0
BRDA:1,0,0,0
BRF:1
BRH:0
end_of_record
TN:
SF:src/core/shared/application/pagination-output.ts
FN:11,toOutput
FNF:1
FNH:1
FNDA:15,toOutput
DA:1,1
DA:2,1
DA:3,1
DA:4,1
DA:5,1
DA:6,1
DA:7,1
DA:8,1
DA:9,1
DA:10,1
DA:11,1
DA:12,15
DA:13,15
DA:14,15
DA:15,15
DA:16,15
DA:17,15
DA:18,15
DA:19,15
DA:20,1
LF:20
LH:20
BRDA:11,0,0,15
BRF:1
BRH:1
end_of_record
TN:
SF:src/core/shared/domain/entity.ts
FN:3,<instance_members_initializer>
FNF:1
FNH:1
FNDA:184,<instance_members_initializer>
DA:1,1
DA:2,1
DA:3,1
DA:4,184
DA:5,184
DA:6,184
DA:7,184
DA:8,184
LF:8
LH:8
BRDA:3,0,0,184
BRF:1
BRH:1
end_of_record
TN:
SF:src/core/shared/domain/value-object.ts
FN:4,equals
FNF:1
FNH:1
FNDA:24,equals
DA:1,1
DA:2,1
DA:3,1
DA:4,1
DA:5,24
DA:6,4
DA:7,4
DA:8,24
DA:9,0
DA:10,0
DA:11,20
DA:12,20
DA:13,1
LF:13
LH:11
BRDA:4,0,0,24
BRDA:5,1,0,22
BRDA:5,2,0,20
BRDA:5,3,0,4
BRDA:8,4,0,0
BRDA:10,5,0,20
BRF:6
BRH:5
end_of_record
TN:
SF:src/core/shared/domain/errors/not-found.error.ts
FN:4,NotFoundError
FNF:1
FNH:1
FNDA:17,NotFoundError
DA:1,1
DA:2,1
DA:3,1
DA:4,1
DA:5,17
DA:6,17
DA:7,17
DA:8,17
DA:9,17
DA:10,17
DA:11,17
DA:12,1
DA:13,1
LF:13
LH:13
BRDA:4,0,0,17
BRDA:8,1,0,0
BRF:2
BRH:1
end_of_record
TN:
SF:src/core/shared/domain/repository/search-params.ts
FN:13,<instance_members_initializer>
FN:20,SearchParams
FN:29,get page
FN:32,set page
FN:41,get per_page
FN:45,set per_page
FN:54,get sort
FN:58,set sort
FN:62,get sort_dir
FN:66,set sort_dir
FN:76,get filter
FN:80,set filter
FNF:12
FNH:12
FNDA:91,<instance_members_initializer>
FNDA:91,SearchParams
FNDA:64,get page
FNDA:91,set page
FNDA:89,get per_page
FNDA:91,set per_page
FNDA:134,get sort
FNDA:91,set sort
FNDA:31,get sort_dir
FNDA:91,set sort_dir
FNDA:38,get filter
FNDA:91,set filter
DA:1,1
DA:2,1
DA:3,1
DA:4,1
DA:5,1
DA:6,1
DA:7,1
DA:8,1
DA:9,1
DA:10,1
DA:11,1
DA:12,1
DA:13,1
DA:14,91
DA:15,91
DA:16,91
DA:17,91
DA:18,91
DA:19,91
DA:20,91
DA:21,91
DA:22,91
DA:23,91
DA:24,91
DA:25,91
DA:26,91
DA:27,91
DA:28,91
DA:29,91
DA:30,64
DA:31,64
DA:32,91
DA:33,91
DA:34,91
DA:35,68
DA:36,68
DA:37,91
DA:38,91
DA:39,91
DA:40,91
DA:41,91
DA:42,89
DA:43,89
DA:44,91
DA:45,91
DA:46,91
DA:47,91
DA:48,91
DA:49,69
DA:50,69
DA:51,91
DA:52,91
DA:53,91
DA:54,91
DA:55,134
DA:56,134
DA:57,91
DA:58,91
DA:59,91
DA:60,91
DA:61,91
DA:62,91
DA:63,31
DA:64,31
DA:65,91
DA:66,91
DA:67,91
DA:68,61
DA:69,61
DA:70,61
DA:71,30
DA:72,30
DA:73,91
DA:74,91
DA:75,91
DA:76,91
DA:77,38
DA:78,38
DA:79,91
DA:80,91
DA:81,91
DA:82,91
DA:83,72
DA:84,91
DA:85,91
DA:86,91
LF:86
LH:86
BRDA:13,0,0,91
BRDA:20,1,0,91
BRDA:29,2,0,64
BRDA:32,3,0,91
BRDA:34,4,0,34
BRDA:34,5,0,27
BRDA:34,6,0,68
BRDA:41,7,0,89
BRDA:45,8,0,91
BRDA:46,9,0,1
BRDA:46,10,0,90
BRDA:48,11,0,28
BRDA:48,12,0,23
BRDA:48,13,0,69
BRDA:54,14,0,134
BRDA:58,15,0,91
BRDA:59,16,0,89
BRDA:59,17,0,32
BRDA:59,18,0,61
BRDA:59,19,0,30
BRDA:62,20,0,31
BRDA:66,21,0,91
BRDA:67,22,0,61
BRDA:70,23,0,85
BRDA:70,24,0,30
BRDA:73,25,0,24
BRDA:73,26,0,18
BRDA:73,27,0,12
BRDA:76,28,0,38
BRDA:80,29,0,91
BRDA:82,30,0,90
BRDA:82,31,0,20
BRDA:82,32,0,72
BRDA:83,33,0,19
BRF:34
BRH:34
end_of_record
TN:
SF:src/core/shared/domain/repository/search-result.ts
FN:13,<instance_members_initializer>
FN:20,SearchResult
FN:30,toJSON
FNF:3
FNH:3
FNDA:37,<instance_members_initializer>
FNDA:37,SearchResult
FNDA:6,toJSON
DA:1,1
DA:2,1
DA:3,1
DA:4,1
DA:5,1
DA:6,1
DA:7,1
DA:8,1
DA:9,1
DA:10,1
DA:11,1
DA:12,1
DA:13,1
DA:14,37
DA:15,37
DA:16,37
DA:17,37
DA:18,37
DA:19,37
DA:20,37
DA:21,37
DA:22,37
DA:23,37
DA:24,37
DA:25,37
DA:26,37
DA:27,37
DA:28,37
DA:29,37
DA:30,37
DA:31,6
DA:32,6
DA:33,4
DA:34,6
DA:35,6
DA:36,6
DA:37,6
DA:38,6
DA:39,6
DA:40,6
DA:41,37
LF:41
LH:41
BRDA:13,0,0,37
BRDA:20,1,0,37
BRDA:30,2,0,6
BRDA:32,3,0,4
BRDA:33,4,0,2
BRDA:33,5,0,8
BRF:6
BRH:6
end_of_record
TN:
SF:src/core/shared/domain/validators/class-validator-fields.ts
FN:6,validate
FNF:1
FNH:1
FNDA:153,validate
DA:1,1
DA:2,1
DA:3,1
DA:4,1
DA:5,1
DA:6,1
DA:7,153
DA:8,153
DA:9,153
DA:10,153
DA:11,2
DA:12,2
DA:13,2
DA:14,2
DA:15,2
DA:16,2
DA:17,2
DA:18,153
DA:19,153
DA:20,1
LF:20
LH:20
BRDA:6,0,0,153
BRDA:10,1,0,2
BRDA:13,2,0,2
BRF:3
BRH:3
end_of_record
TN:
SF:src/core/shared/domain/validators/notification.ts
FN:1,<instance_members_initializer>
FN:4,addError
FN:14,setError
FN:28,hasErrors
FN:32,copyErrors
FN:38,toJSON
FNF:6
FNH:3
FNDA:184,<instance_members_initializer>
FNDA:2,addError
FNDA:0,setError
FNDA:50,hasErrors
FNDA:0,copyErrors
FNDA:0,toJSON
DA:1,1
DA:2,184
DA:3,184
DA:4,184
DA:5,2
DA:6,2
DA:7,2
DA:8,2
DA:9,2
DA:10,0
DA:11,0
DA:12,2
DA:13,184
DA:14,184
DA:15,0
DA:16,0
DA:17,0
DA:18,0
DA:19,0
DA:20,0
DA:21,0
DA:22,0
DA:23,0
DA:24,0
DA:25,0
DA:26,0
DA:27,184
DA:28,184
DA:29,50
DA:30,50
DA:31,184
DA:32,184
DA:33,0
DA:34,0
DA:35,0
DA:36,0
DA:37,184
DA:38,184
DA:39,0
DA:40,0
DA:41,0
DA:42,0
DA:43,0
DA:44,0
DA:45,0
DA:46,0
DA:47,0
DA:48,0
DA:49,184
LF:49
LH:21
BRDA:1,0,0,184
BRDA:4,1,0,2
BRDA:9,2,0,0
BRDA:28,3,0,50
BRF:4
BRH:3
end_of_record
TN:
SF:src/core/shared/domain/validators/validation.error.ts
FN:3,<instance_members_initializer>
FN:4,EntityValidationError
FN:7,count
FNF:3
FNH:2
FNDA:1,<instance_members_initializer>
FNDA:1,EntityValidationError
FNDA:0,count
DA:1,1
DA:2,1
DA:3,1
DA:4,1
DA:5,1
DA:6,1
DA:7,1
DA:8,0
DA:9,0
DA:10,1
DA:11,1
DA:12,1
DA:13,1
DA:14,1
DA:15,1
DA:16,1
DA:17,1
DA:18,1
DA:19,1
DA:20,1
DA:21,1
DA:22,1
DA:23,1
DA:24,1
DA:25,1
DA:26,1
DA:27,1
DA:28,1
DA:29,1
DA:30,1
DA:31,1
DA:32,1
DA:33,1
DA:34,1
DA:35,1
DA:36,1
DA:37,1
DA:38,1
DA:39,1
DA:40,1
DA:41,1
DA:42,1
DA:43,1
DA:44,1
DA:45,1
LF:45
LH:43
BRDA:3,0,0,1
BRDA:4,1,0,1
BRF:2
BRH:2
end_of_record
TN:
SF:src/core/shared/domain/value-objects/uuid.vo.ts
FN:6,<instance_members_initializer>
FN:9,Uuid
FN:15,validate
FN:23,toString
FN:29,InvalidUuidError
FNF:5
FNH:5
FNDA:232,<instance_members_initializer>
FNDA:232,Uuid
FNDA:232,validate
FNDA:1,toString
FNDA:8,InvalidUuidError
DA:1,1
DA:2,1
DA:3,1
DA:4,1
DA:5,1
DA:6,1
DA:7,232
DA:8,232
DA:9,232
DA:10,232
DA:11,232
DA:12,232
DA:13,232
DA:14,232
DA:15,232
DA:16,232
DA:17,232
DA:18,4
DA:19,4
DA:20,232
DA:21,232
DA:22,232
DA:23,232
DA:24,1
DA:25,1
DA:26,232
DA:27,1
DA:28,1
DA:29,1
DA:30,8
DA:31,8
DA:32,8
DA:33,1
LF:33
LH:33
BRDA:6,0,0,232
BRDA:9,1,0,232
BRDA:11,2,0,134
BRDA:15,3,0,232
BRDA:17,4,0,4
BRDA:23,5,0,1
BRDA:29,6,0,8
BRF:7
BRH:7
end_of_record
TN:
SF:src/core/shared/infra/config.ts
FN:5,<static_initializer>
FN:7,db
FN:17,readEnv
FNF:3
FNH:3
FNDA:7,<static_initializer>
FNDA:7,db
FNDA:7,readEnv
DA:1,1
DA:2,1
DA:3,1
DA:4,1
DA:5,1
DA:6,1
DA:7,1
DA:8,7
DA:9,7
DA:10,7
DA:11,7
DA:12,7
DA:13,7
DA:14,7
DA:15,7
DA:16,1
DA:17,1
DA:18,7
DA:19,0
DA:20,0
DA:21,7
DA:22,7
DA:23,7
DA:24,7
DA:25,7
DA:26,1
LF:26
LH:24
BRDA:5,0,0,7
BRDA:7,1,0,7
BRDA:17,2,0,7
BRDA:18,3,0,0
BRF:4
BRH:3
end_of_record
TN:
SF:src/core/shared/infra/db/in-memory/in-memory.repository.ts
FN:11,<instance_members_initializer>
FN:18,insert
FN:21,bulkInsert
FN:24,update
FN:33,delete
FN:42,findById
FN:46,_get
FN:51,findAll
FN:57,<instance_members_initializer>
FN:66,search
FN:93,applyPaginate
FN:103,applySort
FNF:12
FNH:11
FNDA:47,<instance_members_initializer>
FNDA:3,insert
FNDA:1,bulkInsert
FNDA:5,update
FNDA:2,delete
FNDA:13,findById
FNDA:13,_get
FNDA:0,findAll
FNDA:45,<instance_members_initializer>
FNDA:13,search
FNDA:17,applyPaginate
FNDA:20,applySort
DA:1,1
DA:2,1
DA:3,1
DA:4,1
DA:5,1
DA:6,1
DA:7,1
DA:8,1
DA:9,1
DA:10,1
DA:11,1
DA:12,47
DA:13,47
DA:14,47
DA:15,47
DA:16,47
DA:17,47
DA:18,47
DA:19,3
DA:20,3
DA:21,47
DA:22,1
DA:23,1
DA:24,47
DA:25,5
DA:26,5
DA:27,5
DA:28,5
DA:29,0
DA:30,0
DA:31,5
DA:32,5
DA:33,47
DA:34,2
DA:35,1
DA:36,2
DA:37,2
DA:38,1
DA:39,1
DA:40,1
DA:41,1
DA:42,47
DA:43,13
DA:44,13
DA:45,47
DA:46,47
DA:47,13
DA:48,13
DA:49,13
DA:50,47
DA:51,47
DA:52,0
DA:53,0
DA:54,47
DA:55,47
DA:56,1
DA:57,1
DA:58,45
DA:59,45
DA:60,45
DA:61,45
DA:62,45
DA:63,45
DA:64,45
DA:65,45
DA:66,45
DA:67,13
DA:68,13
DA:69,13
DA:70,13
DA:71,13
DA:72,13
DA:73,13
DA:74,13
DA:75,13
DA:76,13
DA:77,13
DA:78,13
DA:79,13
DA:80,13
DA:81,13
DA:82,13
DA:83,13
DA:84,13
DA:85,13
DA:86,13
DA:87,45
DA:88,45
DA:89,45
DA:90,45
DA:91,45
DA:92,45
DA:93,45
DA:94,17
DA:95,17
DA:96,17
DA:97,17
DA:98,17
DA:99,17
DA:100,17
DA:101,17
DA:102,45
DA:103,45
DA:104,20
DA:105,20
DA:106,20
DA:107,20
DA:108,20
DA:109,20
DA:110,5
DA:111,5
DA:112,15
DA:113,64
DA:114,64
DA:115,64
DA:116,24
DA:117,24
DA:118,40
DA:119,40
DA:120,40
DA:121,0
DA:122,0
DA:123,0
DA:124,15
DA:125,45
LF:125
LH:118
BRDA:11,0,0,47
BRDA:18,1,0,3
BRDA:21,2,0,1
BRDA:24,3,0,5
BRDA:28,4,0,0
BRDA:25,5,0,5
BRDA:33,6,0,2
BRDA:37,7,0,1
BRDA:34,8,0,1
BRDA:42,9,0,13
BRDA:46,10,0,13
BRDA:48,11,0,3
BRDA:48,12,0,10
BRDA:47,13,0,10
BRDA:57,14,0,45
BRDA:66,15,0,13
BRDA:93,16,0,17
BRDA:103,17,0,20
BRDA:109,18,0,16
BRDA:109,19,0,5
BRDA:111,20,0,15
BRDA:112,21,0,64
BRDA:113,22,0,0
BRDA:114,23,0,0
BRDA:115,24,0,24
BRDA:116,25,0,15
BRDA:116,26,0,9
BRDA:117,27,0,40
BRDA:119,28,0,20
BRDA:119,29,0,20
BRDA:120,30,0,0
BRF:31
BRH:27
end_of_record
TN:
SF:src/core/shared/infra/testing/helpers.ts
FN:4,setupSequelize
FN:25,get sequelize
FNF:2
FNH:1
FNDA:7,setupSequelize
FNDA:0,get sequelize
DA:1,1
DA:2,1
DA:3,1
DA:4,1
DA:5,7
DA:6,7
DA:7,7
DA:8,7
DA:9,7
DA:10,7
DA:11,7
DA:12,7
DA:13,7
DA:14,7
DA:15,7
DA:16,7
DA:17,17
DA:18,17
DA:19,7
DA:20,7
DA:21,7
DA:22,7
DA:23,7
DA:24,7
DA:25,7
DA:26,0
DA:27,0
DA:28,7
DA:29,7
LF:29
LH:27
BRDA:4,0,0,7
BRDA:7,1,0,7
BRDA:16,2,0,17
BRDA:20,3,0,7
BRF:4
BRH:4
end_of_record
TN:
SF:src/core/tenant/application/use-case/common/tenant-output.ts
FN:13,toOutput
FNF:1
FNH:1
FNDA:88,toOutput
DA:1,1
DA:2,1
DA:3,1
DA:4,1
DA:5,1
DA:6,1
DA:7,1
DA:8,1
DA:9,1
DA:10,1
DA:11,1
DA:12,1
DA:13,1
DA:14,88
DA:15,88
DA:16,88
DA:17,88
DA:18,88
DA:19,88
DA:20,88
DA:21,1
LF:21
LH:21
BRDA:13,0,0,88
BRF:1
BRH:1
end_of_record
TN:
SF:src/core/tenant/application/use-case/create-tenant/create-tenant.use-case.ts
FN:7,<instance_members_initializer>
FN:9,CreateTenantUseCase
FN:12,execute
FNF:3
FNH:3
FNDA:18,<instance_members_initializer>
FNDA:18,CreateTenantUseCase
FNDA:11,execute
DA:1,1
DA:2,1
DA:3,1
DA:4,1
DA:5,1
DA:6,1
DA:7,1
DA:8,18
DA:9,18
DA:10,18
DA:11,18
DA:12,18
DA:13,11
DA:14,11
DA:15,11
DA:16,11
DA:17,11
DA:18,11
DA:19,11
DA:20,11
DA:21,11
DA:22,11
DA:23,18
DA:24,1
DA:25,1
DA:26,1
LF:26
LH:26
BRDA:7,0,0,18
BRDA:9,1,0,18
BRDA:12,2,0,11
BRF:3
BRH:3
end_of_record
TN:
SF:src/core/tenant/application/use-case/delete-tenant/delete-tenant.use-case.ts
FN:6,<instance_members_initializer>
FN:8,DeleteTenantUseCase
FN:10,execute
FNF:3
FNH:3
FNDA:21,<instance_members_initializer>
FNDA:21,DeleteTenantUseCase
FNDA:6,execute
DA:1,1
DA:2,1
DA:3,1
DA:4,1
DA:5,1
DA:6,1
DA:7,21
DA:8,21
DA:9,21
DA:10,21
DA:11,6
DA:12,6
DA:13,3
DA:14,3
DA:15,21
DA:16,1
DA:17,1
LF:17
LH:17
BRDA:6,0,0,21
BRDA:8,1,0,21
BRDA:10,2,0,6
BRDA:12,3,0,3
BRF:4
BRH:4
end_of_record
TN:
SF:src/core/tenant/application/use-case/get-tenant/get-tenant.use-case.ts
FN:9,<instance_members_initializer>
FN:10,GetTenantUseCase
FN:12,execute
FNF:3
FNH:3
FNDA:21,<instance_members_initializer>
FNDA:21,GetTenantUseCase
FNDA:6,execute
DA:1,1
DA:2,1
DA:3,1
DA:4,1
DA:5,1
DA:6,1
DA:7,1
DA:8,1
DA:9,1
DA:10,21
DA:11,21
DA:12,21
DA:13,6
DA:14,6
DA:15,5
DA:16,6
DA:17,2
DA:18,2
DA:19,3
DA:20,3
DA:21,3
DA:22,21
DA:23,1
DA:24,1
LF:24
LH:24
BRDA:9,0,0,21
BRDA:10,1,0,21
BRDA:12,2,0,6
BRDA:14,3,0,5
BRDA:16,4,0,3
BRDA:16,5,0,2
BRF:6
BRH:6
end_of_record
TN:
SF:src/core/tenant/application/use-case/list-tenants/list-tenants.use-case.ts
FN:8,<instance_members_initializer>
FN:10,ListTenantsUseCase
FN:12,execute
FN:18,toOutput
FNF:4
FNH:4
FNDA:21,<instance_members_initializer>
FNDA:21,ListTenantsUseCase
FNDA:13,execute
FNDA:15,toOutput
DA:1,1
DA:2,1
DA:3,1
DA:4,1
DA:5,1
DA:6,1
DA:7,1
DA:8,1
DA:9,21
DA:10,21
DA:11,21
DA:12,21
DA:13,13
DA:14,13
DA:15,13
DA:16,13
DA:17,21
DA:18,21
DA:19,15
DA:20,15
DA:21,26
DA:22,26
DA:23,15
DA:24,15
DA:25,21
DA:26,1
DA:27,1
LF:27
LH:27
BRDA:8,0,0,21
BRDA:10,1,0,21
BRDA:12,2,0,13
BRDA:18,3,0,15
BRDA:20,4,0,26
BRF:5
BRH:5
end_of_record
TN:
SF:src/core/tenant/application/use-case/update-tenant/update-tenant.use-case.ts
FN:9,<instance_members_initializer>
FN:12,UpdateTenantUseCase
FN:14,execute
FNF:3
FNH:3
FNDA:21,<instance_members_initializer>
FNDA:21,UpdateTenantUseCase
FNDA:16,execute
DA:1,1
DA:2,1
DA:3,1
DA:4,1
DA:5,1
DA:6,1
DA:7,1
DA:8,1
DA:9,1
DA:10,21
DA:11,21
DA:12,21
DA:13,21
DA:14,21
DA:15,16
DA:16,16
DA:17,15
DA:18,16
DA:19,2
DA:20,2
DA:21,13
DA:22,13
DA:23,16
DA:24,16
DA:25,6
DA:26,6
DA:27,16
DA:28,3
DA:29,3
DA:30,16
DA:31,3
DA:32,3
DA:33,13
DA:34,13
DA:35,13
DA:36,13
DA:37,21
DA:38,1
DA:39,1
LF:39
LH:39
BRDA:9,0,0,21
BRDA:12,1,0,21
BRDA:14,2,0,16
BRDA:16,3,0,15
BRDA:18,4,0,2
BRDA:20,5,0,13
BRDA:24,6,0,6
BRDA:26,7,0,13
BRDA:27,8,0,3
BRDA:29,9,0,13
BRDA:30,10,0,3
BRDA:32,11,0,13
BRF:12
BRH:12
end_of_record
TN:
SF:src/core/tenant/domain/tenant-fake.builders.ts
FN:7,<instance_members_initializer>
FN:11,_name
FN:13,_description
FN:16,_is_active
FN:24,aTenant
FN:28,theTenants
FN:34,TenantFakeBuilder
FN:39,withUuid
FN:44,withName
FN:49,withDescription
FN:54,activate
FN:59,deactivate
FN:64,withCreatedAt
FN:69,withUpdatedAt
FN:74,withInvalidNameTooLong
FN:79,build
FN:103,get tenant_id
FN:107,get name
FN:111,get description
FN:115,get is_active
FN:119,get created_at
FN:123,get updated_at
FN:127,getValue
FN:138,callFactory
FNF:24
FNH:24
FNDA:43,<instance_members_initializer>
FNDA:37,_name
FNDA:55,_description
FNDA:58,_is_active
FNDA:35,aTenant
FNDA:8,theTenants
FNDA:43,TenantFakeBuilder
FNDA:6,withUuid
FNDA:23,withName
FNDA:8,withDescription
FNDA:1,activate
FNDA:3,deactivate
FNDA:12,withCreatedAt
FNDA:6,withUpdatedAt
FNDA:2,withInvalidNameTooLong
FNDA:48,build
FNDA:2,get tenant_id
FNDA:17,get name
FNDA:7,get description
FNDA:2,get is_active
FNDA:2,get created_at
FNDA:2,get updated_at
FNDA:32,getValue
FNDA:248,callFactory
DA:1,1
DA:2,1
DA:3,1
DA:4,1
DA:5,1
DA:6,1
DA:7,1
DA:8,43
DA:9,43
DA:10,43
DA:11,43
DA:12,43
DA:13,43
DA:14,55
DA:15,43
DA:16,43
DA:17,43
DA:18,43
DA:19,43
DA:20,43
DA:21,43
DA:22,43
DA:23,43
DA:24,43
DA:25,35
DA:26,35
DA:27,43
DA:28,43
DA:29,8
DA:30,8
DA:31,43
DA:32,43
DA:33,43
DA:34,43
DA:35,43
DA:36,43
DA:37,43
DA:38,43
DA:39,43
DA:40,6
DA:41,6
DA:42,6
DA:43,43
DA:44,43
DA:45,23
DA:46,23
DA:47,23
DA:48,43
DA:49,43
DA:50,8
DA:51,8
DA:52,8
DA:53,43
DA:54,43
DA:55,1
DA:56,1
DA:57,1
DA:58,43
DA:59,43
DA:60,3
DA:61,3
DA:62,3
DA:63,43
DA:64,43
DA:65,12
DA:66,12
DA:67,12
DA:68,43
DA:69,43
DA:70,6
DA:71,6
DA:72,6
DA:73,43
DA:74,43
DA:75,2
DA:76,2
DA:77,2
DA:78,43
DA:79,43
DA:80,48
DA:81,48
DA:82,48
DA:83,61
DA:84,61
DA:85,51
DA:86,10
DA:87,61
DA:88,61
DA:89,61
DA:90,61
DA:91,16
DA:92,61
DA:93,61
DA:94,10
DA:95,61
DA:96,61
DA:97,61
DA:98,61
DA:99,61
DA:100,48
DA:101,48
DA:102,43
DA:103,43
DA:104,2
DA:105,2
DA:106,43
DA:107,43
DA:108,17
DA:109,17
DA:110,43
DA:111,43
DA:112,7
DA:113,7
DA:114,43
DA:115,43
DA:116,2
DA:117,2
DA:118,43
DA:119,43
DA:120,2
DA:121,2
DA:122,43
DA:123,43
DA:124,2
DA:125,2
DA:126,43
DA:127,43
DA:128,32
DA:129,32
DA:130,32
DA:131,3
DA:132,3
DA:133,3
DA:134,3
DA:135,29
DA:136,29
DA:137,43
DA:138,43
DA:139,248
DA:140,188
DA:141,60
DA:142,248
DA:143,43
LF:143
LH:143
BRDA:7,0,0,43
BRDA:11,1,0,37
BRDA:13,2,0,55
BRDA:16,3,0,58
BRDA:24,4,0,35
BRDA:28,5,0,8
BRDA:34,6,0,43
BRDA:39,7,0,6
BRDA:44,8,0,23
BRDA:49,9,0,8
BRDA:54,10,0,1
BRDA:59,11,0,3
BRDA:64,12,0,12
BRDA:69,13,0,6
BRDA:74,14,0,2
BRDA:75,15,0,1
BRDA:79,16,0,48
BRDA:100,17,0,37
BRDA:100,18,0,11
BRDA:82,19,0,61
BRDA:85,20,0,51
BRDA:85,21,0,10
BRDA:90,22,0,16
BRDA:93,23,0,10
BRDA:103,24,0,2
BRDA:107,25,0,17
BRDA:111,26,0,7
BRDA:115,27,0,2
BRDA:119,28,0,2
BRDA:123,29,0,2
BRDA:127,30,0,32
BRDA:130,31,0,4
BRDA:130,32,0,3
BRDA:134,33,0,29
BRDA:138,34,0,248
BRDA:139,35,0,188
BRDA:140,36,0,60
BRF:37
BRH:37
end_of_record
TN:
SF:src/core/tenant/domain/tenant.entity.ts
FN:22,<instance_members_initializer>
FN:30,Tenant
FN:40,get entity_id
FN:44,create
FN:49,changeName
FN:55,changeDescription
FN:60,activate
FN:64,deactivate
FN:68,validate
FN:73,fake
FN:77,toJSON
FNF:11
FNH:11
FNDA:152,<instance_members_initializer>
FNDA:152,Tenant
FNDA:21,get entity_id
FNDA:21,create
FNDA:16,changeName
FNDA:7,changeDescription
FNDA:4,activate
FNDA:4,deactivate
FNDA:153,validate
FNDA:28,fake
FNDA:104,toJSON
DA:1,1
DA:2,1
DA:3,1
DA:4,1
DA:5,1
DA:6,1
DA:7,1
DA:8,1
DA:9,1
DA:10,1
DA:11,1
DA:12,1
DA:13,1
DA:14,1
DA:15,1
DA:16,1
DA:17,1
DA:18,1
DA:19,1
DA:20,1
DA:21,1
DA:22,1
DA:23,152
DA:24,152
DA:25,152
DA:26,152
DA:27,152
DA:28,152
DA:29,152
DA:30,152
DA:31,152
DA:32,152
DA:33,152
DA:34,152
DA:35,152
DA:36,152
DA:37,152
DA:38,152
DA:39,152
DA:40,152
DA:41,21
DA:42,21
DA:43,152
DA:44,152
DA:45,21
DA:46,21
DA:47,21
DA:48,21
DA:49,152
DA:50,16
DA:51,16
DA:52,16
DA:53,16
DA:54,152
DA:55,152
DA:56,7
DA:57,7
DA:58,7
DA:59,152
DA:60,152
DA:61,4
DA:62,4
DA:63,152
DA:64,152
DA:65,4
DA:66,4
DA:67,152
DA:68,152
DA:69,153
DA:70,153
DA:71,153
DA:72,152
DA:73,152
DA:74,28
DA:75,28
DA:76,152
DA:77,152
DA:78,104
DA:79,104
DA:80,104
DA:81,104
DA:82,104
DA:83,104
DA:84,104
DA:85,104
DA:86,104
DA:87,152
LF:87
LH:87
BRDA:22,0,0,152
BRDA:30,1,0,152
BRDA:32,2,0,93
BRDA:34,3,0,48
BRDA:35,4,0,32
BRDA:36,5,0,86
BRDA:37,6,0,93
BRDA:40,7,0,21
BRDA:44,8,0,21
BRDA:49,9,0,16
BRDA:55,10,0,7
BRDA:60,11,0,4
BRDA:64,12,0,4
BRDA:68,13,0,153
BRDA:73,14,0,28
BRDA:77,15,0,104
BRF:16
BRH:16
end_of_record
TN:
SF:src/core/tenant/domain/tenant.repository.ts
FNF:0
FNH:0
DA:1,1
DA:2,1
DA:3,1
DA:4,1
DA:5,1
DA:6,1
DA:7,1
DA:8,1
DA:9,1
DA:10,1
DA:11,1
DA:12,1
DA:13,1
DA:14,1
DA:15,1
DA:16,1
DA:17,1
DA:18,1
DA:19,1
DA:20,1
LF:20
LH:20
BRF:0
BRH:0
end_of_record
TN:
SF:src/core/tenant/domain/tenant.validator.ts
FN:8,<instance_members_initializer>
FN:14,TenantRules
FN:20,validate
FN:28,create
FNF:4
FNH:4
FNDA:153,<instance_members_initializer>
FNDA:153,TenantRules
FNDA:153,validate
FNDA:153,create
DA:1,1
DA:2,1
DA:3,1
DA:4,1
DA:5,1
DA:6,1
DA:7,1
DA:8,1
DA:9,153
DA:10,153
DA:11,153
DA:12,153
DA:13,153
DA:14,153
DA:15,153
DA:16,153
DA:17,153
DA:18,1
DA:19,1
DA:20,1
DA:21,153
DA:22,153
DA:23,153
DA:24,1
DA:25,1
DA:26,1
DA:27,1
DA:28,1
DA:29,153
DA:30,153
DA:31,1
LF:31
LH:31
BRDA:8,0,0,153
BRDA:14,1,0,153
BRDA:20,2,0,153
BRDA:21,3,0,44
BRDA:21,4,0,44
BRDA:21,5,0,109
BRDA:28,6,0,153
BRF:7
BRH:7
end_of_record
TN:
SF:src/core/tenant/infra/db/in-memory/tenant-in-memory.repository.ts
FN:6,<instance_members_initializer>
FN:13,applyFilter
FN:24,getEntity
FN:28,applySort
FNF:4
FNH:4
FNDA:33,<instance_members_initializer>
FNDA:6,applyFilter
FNDA:1,getEntity
FNDA:7,applySort
DA:1,1
DA:2,1
DA:3,1
DA:4,1
DA:5,1
DA:6,1
DA:7,33
DA:8,33
DA:9,33
DA:10,33
DA:11,33
DA:12,33
DA:13,33
DA:14,6
DA:15,6
DA:16,6
DA:17,6
DA:18,4
DA:19,4
DA:20,18
DA:21,18
DA:22,4
DA:23,4
DA:24,33
DA:25,1
DA:26,1
DA:27,33
DA:28,33
DA:29,7
DA:30,7
DA:31,7
DA:32,7
DA:33,7
DA:34,7
DA:35,5
DA:36,2
DA:37,7
DA:38,7
DA:39,33
LF:39
LH:39
BRDA:6,0,0,33
BRDA:13,1,0,6
BRDA:17,2,0,5
BRDA:17,3,0,2
BRDA:17,4,0,4
BRDA:19,5,0,18
BRDA:24,6,0,1
BRDA:28,7,0,7
BRDA:34,8,0,5
BRDA:35,9,0,2
BRF:10
BRH:10
end_of_record
TN:
SF:src/core/tenant/infra/db/sequelize/tenant-model-mapper.ts
FN:8,toModel
FN:19,toEntity
FNF:2
FNH:2
FNDA:60,toModel
FNDA:48,toEntity
DA:1,1
DA:2,1
DA:3,1
DA:4,1
DA:5,1
DA:6,1
DA:7,1
DA:8,1
DA:9,60
DA:10,60
DA:11,60
DA:12,60
DA:13,60
DA:14,60
DA:15,60
DA:16,60
DA:17,60
DA:18,1
DA:19,1
DA:20,48
DA:21,48
DA:22,48
DA:23,48
DA:24,48
DA:25,48
DA:26,48
DA:27,48
DA:28,48
DA:29,48
DA:30,0
DA:31,0
DA:32,48
DA:33,48
DA:34,48
DA:35,48
DA:36,1
DA:37,1
LF:37
LH:35
BRDA:8,0,0,60
BRDA:19,1,0,48
BRDA:29,2,0,0
BRF:3
BRH:2
end_of_record
TN:
SF:src/core/tenant/infra/db/sequelize/tenant-sequelize.repository.ts
FN:14,<instance_members_initializer>
FN:22,TenantSequelizeRepository
FN:18,name
FN:24,insert
FN:28,bulkInsert
FN:34,update
FN:47,delete
FN:56,findById
FN:62,_get
FN:66,findAll
FN:73,search
FN:101,formatSort
FN:109,getEntity
FNF:13
FNH:12
FNDA:32,<instance_members_initializer>
FNDA:32,TenantSequelizeRepository
FNDA:0,name
FNDA:22,insert
FNDA:7,bulkInsert
FNDA:10,update
FNDA:5,delete
FNDA:35,findById
FNDA:50,_get
FNDA:1,findAll
FNDA:9,search
FNDA:5,formatSort
FNDA:3,getEntity
DA:1,1
DA:2,1
DA:3,1
DA:4,1
DA:5,1
DA:6,1
DA:7,1
DA:8,1
DA:9,1
DA:10,1
DA:11,1
DA:12,1
DA:13,1
DA:14,1
DA:15,32
DA:16,32
DA:17,32
DA:18,32
DA:19,32
DA:20,32
DA:21,32
DA:22,32
DA:23,32
DA:24,32
DA:25,22
DA:26,22
DA:27,22
DA:28,32
DA:29,7
DA:30,29
DA:31,7
DA:32,7
DA:33,7
DA:34,32
DA:35,10
DA:36,10
DA:37,10
DA:38,1
DA:39,1
DA:40,9
DA:41,9
DA:42,9
DA:43,9
DA:44,9
DA:45,9
DA:46,32
DA:47,32
DA:48,5
DA:49,5
DA:50,5
DA:51,2
DA:52,2
DA:53,3
DA:54,3
DA:55,32
DA:56,32
DA:57,35
DA:58,35
DA:59,35
DA:60,35
DA:61,32
DA:62,32
DA:63,50
DA:64,50
DA:65,32
DA:66,32
DA:67,1
DA:68,1
DA:69,1
DA:70,1
DA:71,1
DA:72,32
DA:73,32
DA:74,9
DA:75,9
DA:76,9
DA:77,9
DA:78,5
DA:79,5
DA:80,5
DA:81,9
DA:82,9
DA:83,5
DA:84,5
DA:85,9
DA:86,9
DA:87,9
DA:88,9
DA:89,9
DA:90,9
DA:91,9
DA:92,18
DA:93,18
DA:94,9
DA:95,9
DA:96,9
DA:97,9
DA:98,9
DA:99,9
DA:100,32
DA:101,32
DA:102,5
DA:103,5
DA:104,0
DA:105,0
DA:106,5
DA:107,5
DA:108,32
DA:109,32
DA:110,3
DA:111,3
DA:112,32
LF:112
LH:110
BRDA:14,0,0,32
BRDA:22,1,0,32
BRDA:24,2,0,22
BRDA:28,3,0,7
BRDA:29,4,0,29
BRDA:34,5,0,10
BRDA:37,6,0,9
BRDA:37,7,0,1
BRDA:47,8,0,5
BRDA:50,9,0,3
BRDA:50,10,0,2
BRDA:56,11,0,35
BRDA:59,12,0,29
BRDA:59,13,0,6
BRDA:62,14,0,50
BRDA:66,15,0,1
BRDA:68,16,0,1
BRDA:73,17,0,9
BRDA:77,18,0,5
BRDA:82,19,0,5
BRDA:82,20,0,5
BRDA:84,21,0,4
BRDA:91,22,0,18
BRDA:101,23,0,5
BRDA:103,24,0,0
BRDA:103,25,0,0
BRDA:109,26,0,3
BRF:27
BRH:25
end_of_record
TN:
SF:src/core/tenant/infra/db/sequelize/tenant.model.ts
FNF:0
FNH:0
DA:1,1
DA:2,1
DA:3,1
DA:4,1
DA:5,1
DA:6,1
DA:7,1
DA:8,1
DA:9,1
DA:10,1
DA:11,1
DA:12,1
DA:13,1
DA:14,1
DA:15,1
DA:16,1
DA:17,1
DA:18,1
DA:19,1
DA:20,1
DA:21,1
DA:22,1
DA:23,1
DA:24,1
DA:25,1
DA:26,1
DA:27,1
DA:28,1
DA:29,1
DA:30,1
DA:31,1
DA:32,1
DA:33,1
DA:34,1
DA:35,1
DA:36,1
DA:37,1
DA:38,1
LF:38
LH:38
BRDA:34,0,0,0
BRDA:37,1,0,0
BRF:2
BRH:0
end_of_record
TN:
SF:src/nest-modules/global-config.ts
FN:1,(empty-report)
FNF:1
FNH:0
FNDA:0,(empty-report)
DA:1,0
DA:2,0
DA:3,0
DA:4,0
DA:5,0
DA:6,0
DA:7,0
DA:8,0
DA:9,0
DA:10,0
DA:11,0
DA:12,0
DA:13,0
DA:14,0
DA:15,0
DA:16,0
DA:17,0
DA:18,0
DA:19,0
DA:20,0
DA:21,0
DA:22,0
DA:23,0
DA:24,0
DA:25,0
DA:26,0
DA:27,0
DA:28,0
LF:28
LH:0
BRDA:1,0,0,0
BRF:1
BRH:0
end_of_record
TN:
SF:src/nest-modules/config-module/config.module.ts
FN:47,forRoot
FNF:1
FNH:1
FNDA:20,forRoot
DA:1,1
DA:2,1
DA:3,1
DA:4,1
DA:5,1
DA:6,1
DA:7,1
DA:8,1
DA:9,1
DA:10,1
DA:11,1
DA:12,1
DA:13,1
DA:14,1
DA:15,1
DA:16,1
DA:17,1
DA:18,1
DA:19,1
DA:20,1
DA:21,1
DA:22,1
DA:23,1
DA:24,1
DA:25,1
DA:26,1
DA:27,1
DA:28,1
DA:29,1
DA:30,1
DA:31,1
DA:32,1
DA:33,1
DA:34,1
DA:35,1
DA:36,1
DA:37,1
DA:38,1
DA:39,1
DA:40,1
DA:41,1
DA:42,1
DA:43,1
DA:44,1
DA:45,1
DA:46,1
DA:47,1
DA:48,20
DA:49,20
DA:50,20
DA:51,20
DA:52,20
DA:53,20
DA:54,20
DA:55,20
DA:56,20
DA:57,20
DA:58,20
DA:59,20
DA:60,20
DA:61,20
DA:62,1
LF:62
LH:62
BRDA:47,0,0,20
BRDA:52,1,0,0
BRF:2
BRH:1
end_of_record
TN:
SF:src/nest-modules/database-module/database.module.ts
FN:12,useFactory
FNF:1
FNH:1
FNDA:18,useFactory
DA:1,1
DA:2,1
DA:3,1
DA:4,1
DA:5,1
DA:6,1
DA:7,1
DA:8,1
DA:9,1
DA:10,1
DA:11,1
DA:12,1
DA:13,18
DA:14,18
DA:15,17
DA:16,17
DA:17,17
DA:18,17
DA:19,17
DA:20,17
DA:21,17
DA:22,17
DA:23,1
DA:24,1
DA:25,1
DA:26,1
DA:27,1
DA:28,1
DA:29,1
DA:30,1
DA:31,1
DA:32,1
DA:33,1
DA:34,1
DA:35,1
DA:36,1
DA:37,0
DA:38,0
DA:39,0
DA:40,1
DA:41,1
DA:42,1
DA:43,1
DA:44,1
LF:44
LH:41
BRDA:12,0,0,18
BRDA:14,1,0,17
BRDA:22,2,0,1
BRDA:36,3,0,0
BRF:4
BRH:3
end_of_record
TN:
SF:src/nest-modules/shared-module/collection.presenter.ts
FN:7,<instance_members_initializer>
FN:11,CollectionPresenter
FN:15,get meta
FNF:3
FNH:3
FNDA:15,<instance_members_initializer>
FNDA:15,CollectionPresenter
FNDA:11,get meta
DA:1,1
DA:2,1
DA:3,1
DA:4,1
DA:5,1
DA:6,1
DA:7,1
DA:8,15
DA:9,15
DA:10,15
DA:11,15
DA:12,15
DA:13,15
DA:14,15
DA:15,15
DA:16,11
DA:17,11
DA:18,11
DA:19,15
DA:20,15
DA:21,15
LF:21
LH:21
BRDA:9,0,0,0
BRDA:7,1,0,15
BRDA:11,2,0,15
BRDA:15,3,0,11
BRF:4
BRH:3
end_of_record
TN:
SF:src/nest-modules/shared-module/pagination.presenter.ts
FN:10,<instance_members_initializer>
FN:20,PaginationPresenter
FNF:2
FNH:2
FNDA:19,<instance_members_initializer>
FNDA:19,PaginationPresenter
DA:1,1
DA:2,1
DA:3,1
DA:4,1
DA:5,1
DA:6,1
DA:7,1
DA:8,1
DA:9,1
DA:10,1
DA:11,19
DA:12,19
DA:13,19
DA:14,19
DA:15,19
DA:16,19
DA:17,19
DA:18,19
DA:19,19
DA:20,19
DA:21,19
DA:22,19
DA:23,19
DA:24,19
DA:25,19
DA:26,19
LF:26
LH:26
BRDA:10,0,0,19
BRDA:20,1,0,19
BRDA:11,2,0,4
BRDA:13,3,0,4
BRDA:15,4,0,4
BRDA:17,5,0,4
BRF:6
BRH:6
end_of_record
TN:
SF:src/nest-modules/shared-module/shared.module.ts
FN:1,(empty-report)
FNF:1
FNH:0
FNDA:0,(empty-report)
DA:1,0
DA:2,0
DA:3,0
DA:4,0
LF:4
LH:0
BRDA:1,0,0,0
BRF:1
BRH:0
end_of_record
TN:
SF:src/nest-modules/shared-module/filters/entity-validation-error.filter.ts
FN:8,catch
FNF:1
FNH:1
FNDA:1,catch
DA:1,1
DA:2,1
DA:3,1
DA:4,1
DA:5,1
DA:6,1
DA:7,1
DA:8,1
DA:9,1
DA:10,1
DA:11,1
DA:12,1
DA:13,1
DA:14,1
DA:15,1
DA:16,1
DA:17,3
DA:18,3
DA:19,1
DA:20,1
DA:21,1
DA:22,1
DA:23,1
DA:24,1
DA:25,1
LF:25
LH:25
BRDA:8,0,0,1
BRDA:16,1,0,3
BRDA:18,2,0,1
BRDA:18,3,0,2
BRF:4
BRH:4
end_of_record
TN:
SF:src/nest-modules/shared-module/filters/not-found-error.filter.ts
FN:7,catch
FNF:1
FNH:1
FNDA:1,catch
DA:1,1
DA:2,1
DA:3,1
DA:4,1
DA:5,1
DA:6,1
DA:7,1
DA:8,1
DA:9,1
DA:10,1
DA:11,1
DA:12,1
DA:13,1
DA:14,1
DA:15,1
DA:16,1
DA:17,1
LF:17
LH:17
BRDA:7,0,0,1
BRF:1
BRH:1
end_of_record
TN:
SF:src/nest-modules/shared-module/interceptors/wrapper-data/wrapper-data.interceptor.ts
FN:11,intercept
FNF:1
FNH:1
FNDA:2,intercept
DA:1,1
DA:2,1
DA:3,1
DA:4,1
DA:5,1
DA:6,1
DA:7,1
DA:8,1
DA:9,1
DA:10,1
DA:11,1
DA:12,2
DA:13,2
DA:14,2
DA:15,2
DA:16,1
LF:16
LH:16
BRDA:11,0,0,2
BRDA:14,1,0,2
BRDA:14,2,0,1
BRDA:14,3,0,1
BRF:4
BRH:4
end_of_record
TN:
SF:src/nest-modules/tenants-module/tenants.controller.ts
FN:29,<instance_members_initializer>
FN:45,create
FN:51,search
FN:57,findOne
FN:65,update
FN:79,remove
FN:85,serialize
FNF:7
FNH:7
FNDA:21,<instance_members_initializer>
FNDA:6,create
FNDA:6,search
FNDA:2,findOne
FNDA:4,update
FNDA:3,remove
FNDA:12,serialize
DA:1,1
DA:2,1
DA:3,1
DA:4,1
DA:5,1
DA:6,1
DA:7,1
DA:8,1
DA:9,1
DA:10,1
DA:11,1
DA:12,1
DA:13,1
DA:14,1
DA:15,1
DA:16,1
DA:17,1
DA:18,1
DA:19,1
DA:20,1
DA:21,1
DA:22,1
DA:23,1
DA:24,1
DA:25,1
DA:26,1
DA:27,1
DA:28,1
DA:29,1
DA:30,21
DA:31,21
DA:32,21
DA:33,21
DA:34,21
DA:35,21
DA:36,21
DA:37,21
DA:38,21
DA:39,21
DA:40,21
DA:41,21
DA:42,21
DA:43,21
DA:44,21
DA:45,21
DA:46,6
DA:47,6
DA:48,6
DA:49,6
DA:50,21
DA:51,21
DA:52,6
DA:53,6
DA:54,6
DA:55,6
DA:56,21
DA:57,21
DA:58,2
DA:59,2
DA:60,2
DA:61,2
DA:62,2
DA:63,2
DA:64,21
DA:65,21
DA:66,4
DA:67,4
DA:68,4
DA:69,4
DA:70,4
DA:71,4
DA:72,4
DA:73,4
DA:74,4
DA:75,4
DA:76,21
DA:77,21
DA:78,21
DA:79,21
DA:80,3
DA:81,3
DA:82,3
DA:83,3
DA:84,21
DA:85,21
DA:86,12
DA:87,12
DA:88,21
LF:88
LH:88
BRDA:31,0,0,0
BRDA:34,1,0,0
BRDA:37,2,0,0
BRDA:40,3,0,0
BRDA:43,4,0,0
BRDA:46,5,0,0
BRDA:52,6,0,0
BRDA:68,7,0,0
BRDA:29,8,0,21
BRDA:45,9,0,6
BRDA:51,10,0,6
BRDA:57,11,0,2
BRDA:65,12,0,4
BRDA:79,13,0,3
BRDA:85,14,0,12
BRF:15
BRH:7
end_of_record
TN:
SF:src/nest-modules/tenants-module/tenants.module.ts
FNF:0
FNH:0
DA:1,1
DA:2,1
DA:3,1
DA:4,1
DA:5,1
DA:6,1
DA:7,1
DA:8,1
DA:9,1
DA:10,1
DA:11,1
DA:12,1
DA:13,1
DA:14,1
DA:15,1
LF:15
LH:15
BRF:0
BRH:0
end_of_record
TN:
SF:src/nest-modules/tenants-module/tenants.presenter.ts
FN:6,<instance_members_initializer>
FN:16,TenantPresenter
FN:26,<instance_members_initializer>
FN:29,TenantCollectionPresenter
FNF:4
FNH:4
FNDA:47,<instance_members_initializer>
FNDA:47,TenantPresenter
FNDA:12,<instance_members_initializer>
FNDA:12,TenantCollectionPresenter
DA:1,1
DA:2,1
DA:3,1
DA:4,1
DA:5,1
DA:6,1
DA:7,47
DA:8,47
DA:9,47
DA:10,47
DA:11,47
DA:12,47
DA:13,47
DA:14,47
DA:15,47
DA:16,47
DA:17,47
DA:18,47
DA:19,47
DA:20,47
DA:21,47
DA:22,47
DA:23,47
DA:24,47
DA:25,1
DA:26,1
DA:27,12
DA:28,12
DA:29,12
DA:30,12
DA:31,12
DA:32,12
DA:33,12
DA:34,12
LF:34
LH:34
BRDA:12,0,0,0
BRDA:14,1,0,0
BRDA:6,2,0,47
BRDA:16,3,0,47
BRDA:26,4,0,12
BRDA:29,5,0,12
BRDA:32,6,0,24
BRF:7
BRH:5
end_of_record
TN:
SF:src/nest-modules/tenants-module/tenants.providers.ts
FN:23,useFactory
FN:33,useFactory
FN:40,useFactory
FN:47,useFactory
FN:54,useFactory
FN:61,useFactory
FNF:6
FNH:6
FNDA:16,useFactory
FNDA:16,useFactory
FNDA:16,useFactory
FNDA:16,useFactory
FNDA:16,useFactory
FNDA:16,useFactory
DA:1,1
DA:2,1
DA:3,1
DA:4,1
DA:5,1
DA:6,1
DA:7,1
DA:8,1
DA:9,1
DA:10,1
DA:11,1
DA:12,1
DA:13,1
DA:14,1
DA:15,1
DA:16,1
DA:17,1
DA:18,1
DA:19,1
DA:20,1
DA:21,1
DA:22,1
DA:23,1
DA:24,16
DA:25,16
DA:26,1
DA:27,1
DA:28,1
DA:29,1
DA:30,1
DA:31,1
DA:32,1
DA:33,1
DA:34,16
DA:35,16
DA:36,1
DA:37,1
DA:38,1
DA:39,1
DA:40,1
DA:41,16
DA:42,16
DA:43,1
DA:44,1
DA:45,1
DA:46,1
DA:47,1
DA:48,16
DA:49,16
DA:50,1
DA:51,1
DA:52,1
DA:53,1
DA:54,1
DA:55,16
DA:56,16
DA:57,1
DA:58,1
DA:59,1
DA:60,1
DA:61,1
DA:62,16
DA:63,16
DA:64,1
DA:65,1
DA:66,1
DA:67,1
DA:68,1
DA:69,1
DA:70,1
DA:71,1
DA:72,1
DA:73,1
DA:74,1
DA:75,1
DA:76,1
DA:77,1
DA:78,1
DA:79,1
DA:80,1
DA:81,1
DA:82,1
LF:82
LH:82
BRDA:23,0,0,16
BRDA:33,1,0,16
BRDA:40,2,0,16
BRDA:47,3,0,16
BRDA:54,4,0,16
BRDA:61,5,0,16
BRF:6
BRH:6
end_of_record
TN:
SF:src/nest-modules/tenants-module/dto/create-tenant.dto.ts
FNF:0
FNH:0
DA:1,1
DA:2,1
DA:3,1
LF:3
LH:3
BRF:0
BRH:0
end_of_record
TN:
SF:src/nest-modules/tenants-module/dto/search-tenants.dto.ts
FN:4,<instance_members_initializer>
FNF:1
FNH:0
FNDA:0,<instance_members_initializer>
DA:1,1
DA:2,1
DA:3,1
DA:4,1
DA:5,0
DA:6,0
DA:7,0
DA:8,0
DA:9,0
DA:10,0
LF:10
LH:4
BRF:0
BRH:0
end_of_record
TN:
SF:src/nest-modules/tenants-module/dto/update-tenant.dto.ts
FNF:0
FNH:0
DA:1,1
DA:2,1
DA:3,1
DA:4,1
DA:5,1
DA:6,1
DA:7,1
DA:8,1
LF:8
LH:8
BRF:0
BRH:0
end_of_record
